[0.015s] Invoking command in '/home/ros/arduinobot/build/arduinobot_cpp_examples': CMAKE_PREFIX_PATH=${CMAKE_PREFIX_PATH}:/home/ros/arduinobot/install/arduinobot_py_examples:/opt/ros/iron /usr/bin/cmake --build /home/ros/arduinobot/build/arduinobot_cpp_examples -- -j8 -l8
[0.213s] Invoked command in '/home/ros/arduinobot/build/arduinobot_cpp_examples' returned '0': CMAKE_PREFIX_PATH=${CMAKE_PREFIX_PATH}:/home/ros/arduinobot/install/arduinobot_py_examples:/opt/ros/iron /usr/bin/cmake --build /home/ros/arduinobot/build/arduinobot_cpp_examples -- -j8 -l8
[0.249s] Invoking command in '/home/ros/arduinobot/build/arduinobot_cpp_examples': CMAKE_PREFIX_PATH=${CMAKE_PREFIX_PATH}:/home/ros/arduinobot/install/arduinobot_py_examples:/opt/ros/iron /usr/bin/cmake --install /home/ros/arduinobot/build/arduinobot_cpp_examples
[0.257s] -- Install configuration: ""
[0.258s] -- Up-to-date: /home/ros/arduinobot/install/arduinobot_cpp_examples/share/ament_index/resource_index/package_run_dependencies/arduinobot_cpp_examples
[0.258s] -- Up-to-date: /home/ros/arduinobot/install/arduinobot_cpp_examples/share/ament_index/resource_index/parent_prefix_path/arduinobot_cpp_examples
[0.258s] -- Up-to-date: /home/ros/arduinobot/install/arduinobot_cpp_examples/share/arduinobot_cpp_examples/environment/ament_prefix_path.sh
[0.258s] -- Up-to-date: /home/ros/arduinobot/install/arduinobot_cpp_examples/share/arduinobot_cpp_examples/environment/ament_prefix_path.dsv
[0.258s] -- Up-to-date: /home/ros/arduinobot/install/arduinobot_cpp_examples/share/arduinobot_cpp_examples/environment/path.sh
[0.258s] -- Up-to-date: /home/ros/arduinobot/install/arduinobot_cpp_examples/share/arduinobot_cpp_examples/environment/path.dsv
[0.258s] -- Up-to-date: /home/ros/arduinobot/install/arduinobot_cpp_examples/share/arduinobot_cpp_examples/local_setup.bash
[0.258s] -- Up-to-date: /home/ros/arduinobot/install/arduinobot_cpp_examples/share/arduinobot_cpp_examples/local_setup.sh
[0.259s] -- Up-to-date: /home/ros/arduinobot/install/arduinobot_cpp_examples/share/arduinobot_cpp_examples/local_setup.zsh
[0.259s] -- Up-to-date: /home/ros/arduinobot/install/arduinobot_cpp_examples/share/arduinobot_cpp_examples/local_setup.dsv
[0.259s] -- Installing: /home/ros/arduinobot/install/arduinobot_cpp_examples/share/arduinobot_cpp_examples/package.dsv
[0.259s] -- Up-to-date: /home/ros/arduinobot/install/arduinobot_cpp_examples/share/ament_index/resource_index/packages/arduinobot_cpp_examples
[0.259s] -- Up-to-date: /home/ros/arduinobot/install/arduinobot_cpp_examples/share/arduinobot_cpp_examples/cmake/arduinobot_cpp_examplesConfig.cmake
[0.259s] -- Up-to-date: /home/ros/arduinobot/install/arduinobot_cpp_examples/share/arduinobot_cpp_examples/cmake/arduinobot_cpp_examplesConfig-version.cmake
[0.259s] -- Up-to-date: /home/ros/arduinobot/install/arduinobot_cpp_examples/share/arduinobot_cpp_examples/package.xml
[0.276s] Invoked command in '/home/ros/arduinobot/build/arduinobot_cpp_examples' returned '0': CMAKE_PREFIX_PATH=${CMAKE_PREFIX_PATH}:/home/ros/arduinobot/install/arduinobot_py_examples:/opt/ros/iron /usr/bin/cmake --install /home/ros/arduinobot/build/arduinobot_cpp_examples
