[0.019s] Invoking command in '/home/ros/arduinobot/build/arduinobot_description': CMAKE_PREFIX_PATH=${CMAKE_PREFIX_PATH}:/home/ros/arduinobot/install/arduinobot_py_examples:/opt/ros/iron /usr/bin/cmake --build /home/ros/arduinobot/build/arduinobot_description -- -j8 -l8
[0.245s] Invoked command in '/home/ros/arduinobot/build/arduinobot_description' returned '0': CMAKE_PREFIX_PATH=${CMAKE_PREFIX_PATH}:/home/ros/arduinobot/install/arduinobot_py_examples:/opt/ros/iron /usr/bin/cmake --build /home/ros/arduinobot/build/arduinobot_description -- -j8 -l8
[0.286s] Invoking command in '/home/ros/arduinobot/build/arduinobot_description': CMAKE_PREFIX_PATH=${CMAKE_PREFIX_PATH}:/home/ros/arduinobot/install/arduinobot_py_examples:/opt/ros/iron /usr/bin/cmake --install /home/ros/arduinobot/build/arduinobot_description
[0.295s] -- Install configuration: ""
[0.296s] -- Up-to-date: /home/ros/arduinobot/install/arduinobot_description/share/arduinobot_description/meshes
[0.296s] -- Up-to-date: /home/ros/arduinobot/install/arduinobot_description/share/arduinobot_description/meshes/vertical_drive_arm.STL
[0.296s] -- Up-to-date: /home/ros/arduinobot/install/arduinobot_description/share/arduinobot_description/meshes/triangular_link.STL
[0.297s] -- Up-to-date: /home/ros/arduinobot/install/arduinobot_description/share/arduinobot_description/meshes/right_finger.STL
[0.297s] -- Up-to-date: /home/ros/arduinobot/install/arduinobot_description/share/arduinobot_description/meshes/claw_support.STL
[0.297s] -- Up-to-date: /home/ros/arduinobot/install/arduinobot_description/share/arduinobot_description/meshes/link.STL
[0.297s] -- Up-to-date: /home/ros/arduinobot/install/arduinobot_description/share/arduinobot_description/meshes/base_plate.STL
[0.297s] -- Up-to-date: /home/ros/arduinobot/install/arduinobot_description/share/arduinobot_description/meshes/servo_plate.STL
[0.298s] -- Up-to-date: /home/ros/arduinobot/install/arduinobot_description/share/arduinobot_description/meshes/round_plate.STL
[0.298s] -- Up-to-date: /home/ros/arduinobot/install/arduinobot_description/share/arduinobot_description/meshes/left_finger.STL
[0.298s] -- Up-to-date: /home/ros/arduinobot/install/arduinobot_description/share/arduinobot_description/meshes/horizontal_arm.STL
[0.298s] -- Up-to-date: /home/ros/arduinobot/install/arduinobot_description/share/arduinobot_description/meshes/basement.STL
[0.298s] -- Up-to-date: /home/ros/arduinobot/install/arduinobot_description/share/arduinobot_description/meshes/plate.STL
[0.298s] -- Up-to-date: /home/ros/arduinobot/install/arduinobot_description/share/arduinobot_description/meshes/pi_camera.STL
[0.299s] -- Up-to-date: /home/ros/arduinobot/install/arduinobot_description/share/arduinobot_description/meshes/forward_drive_arm.STL
[0.299s] -- Up-to-date: /home/ros/arduinobot/install/arduinobot_description/share/arduinobot_description/urdf
[0.299s] -- Installing: /home/ros/arduinobot/install/arduinobot_description/share/arduinobot_description/urdf/arduinobot_gazebo.xacro
[0.299s] -- Up-to-date: /home/ros/arduinobot/install/arduinobot_description/share/arduinobot_description/urdf/arduinobot.urdf.xacro
[0.299s] -- Up-to-date: /home/ros/arduinobot/install/arduinobot_description/share/arduinobot_description/launch
[0.299s] -- Up-to-date: /home/ros/arduinobot/install/arduinobot_description/share/arduinobot_description/launch/display.launch.py
[0.299s] -- Up-to-date: /home/ros/arduinobot/install/arduinobot_description/share/arduinobot_description/launch/gazebo_launch.py
[0.299s] -- Up-to-date: /home/ros/arduinobot/install/arduinobot_description/share/arduinobot_description/rviz
[0.299s] -- Up-to-date: /home/ros/arduinobot/install/arduinobot_description/share/arduinobot_description/rviz/display.rviz
[0.299s] -- Up-to-date: /home/ros/arduinobot/install/arduinobot_description/share/arduinobot_description/models
[0.300s] -- Up-to-date: /home/ros/arduinobot/install/arduinobot_description/share/arduinobot_description/models/sun
[0.300s] -- Up-to-date: /home/ros/arduinobot/install/arduinobot_description/share/arduinobot_description/models/sun/model-1_4.sdf
[0.300s] -- Up-to-date: /home/ros/arduinobot/install/arduinobot_description/share/arduinobot_description/models/sun/model-1_2.sdf
[0.300s] -- Up-to-date: /home/ros/arduinobot/install/arduinobot_description/share/arduinobot_description/models/sun/model.config
[0.300s] -- Up-to-date: /home/ros/arduinobot/install/arduinobot_description/share/arduinobot_description/models/sun/model-1_3.sdf
[0.301s] -- Up-to-date: /home/ros/arduinobot/install/arduinobot_description/share/arduinobot_description/models/sun/model.sdf
[0.301s] -- Up-to-date: /home/ros/arduinobot/install/arduinobot_description/share/arduinobot_description/models/ground_plane
[0.301s] -- Up-to-date: /home/ros/arduinobot/install/arduinobot_description/share/arduinobot_description/models/ground_plane/model-1_4.sdf
[0.301s] -- Up-to-date: /home/ros/arduinobot/install/arduinobot_description/share/arduinobot_description/models/ground_plane/model-1_2.sdf
[0.301s] -- Up-to-date: /home/ros/arduinobot/install/arduinobot_description/share/arduinobot_description/models/ground_plane/model.config
[0.301s] -- Up-to-date: /home/ros/arduinobot/install/arduinobot_description/share/arduinobot_description/models/ground_plane/model-1_3.sdf
[0.302s] -- Up-to-date: /home/ros/arduinobot/install/arduinobot_description/share/arduinobot_description/models/ground_plane/model.sdf
[0.302s] -- Up-to-date: /home/ros/arduinobot/install/arduinobot_description/share/ament_index/resource_index/package_run_dependencies/arduinobot_description
[0.302s] -- Up-to-date: /home/ros/arduinobot/install/arduinobot_description/share/ament_index/resource_index/parent_prefix_path/arduinobot_description
[0.302s] -- Up-to-date: /home/ros/arduinobot/install/arduinobot_description/share/arduinobot_description/environment/ament_prefix_path.sh
[0.302s] -- Up-to-date: /home/ros/arduinobot/install/arduinobot_description/share/arduinobot_description/environment/ament_prefix_path.dsv
[0.302s] -- Up-to-date: /home/ros/arduinobot/install/arduinobot_description/share/arduinobot_description/environment/path.sh
[0.302s] -- Up-to-date: /home/ros/arduinobot/install/arduinobot_description/share/arduinobot_description/environment/path.dsv
[0.303s] -- Up-to-date: /home/ros/arduinobot/install/arduinobot_description/share/arduinobot_description/local_setup.bash
[0.303s] -- Up-to-date: /home/ros/arduinobot/install/arduinobot_description/share/arduinobot_description/local_setup.sh
[0.303s] -- Up-to-date: /home/ros/arduinobot/install/arduinobot_description/share/arduinobot_description/local_setup.zsh
[0.303s] -- Up-to-date: /home/ros/arduinobot/install/arduinobot_description/share/arduinobot_description/local_setup.dsv
[0.303s] -- Installing: /home/ros/arduinobot/install/arduinobot_description/share/arduinobot_description/package.dsv
[0.303s] -- Up-to-date: /home/ros/arduinobot/install/arduinobot_description/share/ament_index/resource_index/packages/arduinobot_description
[0.303s] -- Up-to-date: /home/ros/arduinobot/install/arduinobot_description/share/arduinobot_description/cmake/arduinobot_descriptionConfig.cmake
[0.303s] -- Up-to-date: /home/ros/arduinobot/install/arduinobot_description/share/arduinobot_description/cmake/arduinobot_descriptionConfig-version.cmake
[0.304s] -- Up-to-date: /home/ros/arduinobot/install/arduinobot_description/share/arduinobot_description/package.xml
[0.315s] Invoked command in '/home/ros/arduinobot/build/arduinobot_description' returned '0': CMAKE_PREFIX_PATH=${CMAKE_PREFIX_PATH}:/home/ros/arduinobot/install/arduinobot_py_examples:/opt/ros/iron /usr/bin/cmake --install /home/ros/arduinobot/build/arduinobot_description
