[0.021s] Invoking command in '/home/ros/arduinobot/build/arduinobot_controller': CMAKE_PREFIX_PATH=${CMAKE_PREFIX_PATH}:/home/ros/arduinobot/install/arduinobot_py_examples:/opt/ros/iron /usr/bin/cmake --build /home/ros/arduinobot/build/arduinobot_controller -- -j8 -l8
[0.220s] Invoked command in '/home/ros/arduinobot/build/arduinobot_controller' returned '0': CMAKE_PREFIX_PATH=${CMAKE_PREFIX_PATH}:/home/ros/arduinobot/install/arduinobot_py_examples:/opt/ros/iron /usr/bin/cmake --build /home/ros/arduinobot/build/arduinobot_controller -- -j8 -l8
[0.256s] Invoking command in '/home/ros/arduinobot/build/arduinobot_controller': CMAKE_PREFIX_PATH=${CMAKE_PREFIX_PATH}:/home/ros/arduinobot/install/arduinobot_py_examples:/opt/ros/iron /usr/bin/cmake --install /home/ros/arduinobot/build/arduinobot_controller
[0.262s] -- Install configuration: ""
[0.263s] -- Up-to-date: /home/ros/arduinobot/install/arduinobot_controller/share/arduinobot_controller/config
[0.263s] -- Up-to-date: /home/ros/arduinobot/install/arduinobot_controller/share/arduinobot_controller/config/arduinobot_controllers.yaml
[0.263s] -- Up-to-date: /home/ros/arduinobot/install/arduinobot_controller/share/ament_index/resource_index/package_run_dependencies/arduinobot_controller
[0.263s] -- Up-to-date: /home/ros/arduinobot/install/arduinobot_controller/share/ament_index/resource_index/parent_prefix_path/arduinobot_controller
[0.263s] -- Up-to-date: /home/ros/arduinobot/install/arduinobot_controller/share/arduinobot_controller/environment/ament_prefix_path.sh
[0.263s] -- Up-to-date: /home/ros/arduinobot/install/arduinobot_controller/share/arduinobot_controller/environment/ament_prefix_path.dsv
[0.263s] -- Up-to-date: /home/ros/arduinobot/install/arduinobot_controller/share/arduinobot_controller/environment/path.sh
[0.263s] -- Up-to-date: /home/ros/arduinobot/install/arduinobot_controller/share/arduinobot_controller/environment/path.dsv
[0.263s] -- Up-to-date: /home/ros/arduinobot/install/arduinobot_controller/share/arduinobot_controller/local_setup.bash
[0.263s] -- Up-to-date: /home/ros/arduinobot/install/arduinobot_controller/share/arduinobot_controller/local_setup.sh
[0.263s] -- Up-to-date: /home/ros/arduinobot/install/arduinobot_controller/share/arduinobot_controller/local_setup.zsh
[0.264s] -- Up-to-date: /home/ros/arduinobot/install/arduinobot_controller/share/arduinobot_controller/local_setup.dsv
[0.264s] -- Installing: /home/ros/arduinobot/install/arduinobot_controller/share/arduinobot_controller/package.dsv
[0.264s] -- Up-to-date: /home/ros/arduinobot/install/arduinobot_controller/share/ament_index/resource_index/packages/arduinobot_controller
[0.264s] -- Up-to-date: /home/ros/arduinobot/install/arduinobot_controller/share/arduinobot_controller/cmake/arduinobot_controllerConfig.cmake
[0.264s] -- Up-to-date: /home/ros/arduinobot/install/arduinobot_controller/share/arduinobot_controller/cmake/arduinobot_controllerConfig-version.cmake
[0.264s] -- Up-to-date: /home/ros/arduinobot/install/arduinobot_controller/share/arduinobot_controller/package.xml
[0.265s] Invoked command in '/home/ros/arduinobot/build/arduinobot_controller' returned '0': CMAKE_PREFIX_PATH=${CMAKE_PREFIX_PATH}:/home/ros/arduinobot/install/arduinobot_py_examples:/opt/ros/iron /usr/bin/cmake --install /home/ros/arduinobot/build/arduinobot_controller
