[0.595s] Invoking command in '/home/ros/arduinobot/src/arduinobot_py_examples': PYTHONPATH=/home/ros/arduinobot/build/arduinobot_py_examples/prefix_override:/home/ros/arduinobot/install/arduinobot_py_examples/lib/python3.10/site-packages:${PYTHONPATH} /usr/bin/python3 -W ignore:setup.py install is deprecated setup.py egg_info --egg-base ../../build/arduinobot_py_examples build --build-base /home/ros/arduinobot/build/arduinobot_py_examples/build install --record /home/ros/arduinobot/build/arduinobot_py_examples/install.log --single-version-externally-managed install_data
[0.782s] running egg_info
[0.783s] writing ../../build/arduinobot_py_examples/arduinobot_py_examples.egg-info/PKG-INFO
[0.783s] writing dependency_links to ../../build/arduinobot_py_examples/arduinobot_py_examples.egg-info/dependency_links.txt
[0.783s] writing entry points to ../../build/arduinobot_py_examples/arduinobot_py_examples.egg-info/entry_points.txt
[0.784s] writing requirements to ../../build/arduinobot_py_examples/arduinobot_py_examples.egg-info/requires.txt
[0.784s] writing top-level names to ../../build/arduinobot_py_examples/arduinobot_py_examples.egg-info/top_level.txt
[0.788s] reading manifest file '../../build/arduinobot_py_examples/arduinobot_py_examples.egg-info/SOURCES.txt'
[0.788s] writing manifest file '../../build/arduinobot_py_examples/arduinobot_py_examples.egg-info/SOURCES.txt'
[0.788s] running build
[0.788s] running build_py
[0.788s] running install
[0.788s] running install_lib
[0.789s] running install_data
[0.789s] running install_egg_info
[0.790s] removing '/home/ros/arduinobot/install/arduinobot_py_examples/lib/python3.10/site-packages/arduinobot_py_examples-0.0.0-py3.10.egg-info' (and everything under it)
[0.790s] Copying ../../build/arduinobot_py_examples/arduinobot_py_examples.egg-info to /home/ros/arduinobot/install/arduinobot_py_examples/lib/python3.10/site-packages/arduinobot_py_examples-0.0.0-py3.10.egg-info
[0.791s] running install_scripts
[0.808s] Installing simple_parameter script to /home/ros/arduinobot/install/arduinobot_py_examples/lib/arduinobot_py_examples
[0.808s] Installing simple_publisher script to /home/ros/arduinobot/install/arduinobot_py_examples/lib/arduinobot_py_examples
[0.808s] Installing simple_subscriber script to /home/ros/arduinobot/install/arduinobot_py_examples/lib/arduinobot_py_examples
[0.808s] writing list of installed files to '/home/ros/arduinobot/build/arduinobot_py_examples/install.log'
[0.831s] Invoked command in '/home/ros/arduinobot/src/arduinobot_py_examples' returned '0': PYTHONPATH=/home/ros/arduinobot/build/arduinobot_py_examples/prefix_override:/home/ros/arduinobot/install/arduinobot_py_examples/lib/python3.10/site-packages:${PYTHONPATH} /usr/bin/python3 -W ignore:setup.py install is deprecated setup.py egg_info --egg-base ../../build/arduinobot_py_examples build --build-base /home/ros/arduinobot/build/arduinobot_py_examples/build install --record /home/ros/arduinobot/build/arduinobot_py_examples/install.log --single-version-externally-managed install_data
