[0.069s] DEBUG:colcon:Command line arguments: ['/usr/bin/colcon', 'build']
[0.069s] DEBUG:colcon:Parsed command line arguments: Namespace(log_base=None, log_level=None, verb_name='build', build_base='build', install_base='install', merge_install=False, symlink_install=False, test_result_base=None, continue_on_error=False, executor='parallel', parallel_workers=8, event_handlers=None, ignore_user_meta=False, metas=['./colcon.meta'], base_paths=['.'], packages_ignore=None, packages_ignore_regex=None, paths=None, packages_up_to=None, packages_up_to_regex=None, packages_above=None, packages_above_and_dependencies=None, packages_above_depth=None, packages_select_by_dep=None, packages_skip_by_dep=None, packages_skip_up_to=None, packages_select_build_failed=False, packages_skip_build_finished=False, packages_select_test_failures=False, packages_skip_test_passed=False, packages_select=None, packages_skip=None, packages_select_regex=None, packages_skip_regex=None, packages_start=None, packages_end=None, allow_overriding=[], cmake_args=None, cmake_target=None, cmake_target_skip_unavailable=False, cmake_clean_cache=False, cmake_clean_first=False, cmake_force_configure=False, ament_cmake_args=None, catkin_cmake_args=None, catkin_skip_building_tests=False, mixin_files=None, mixin=None, verb_parser=<colcon_mixin.mixin.mixin_argument.MixinArgumentDecorator object at 0x70cf66a06890>, verb_extension=<colcon_core.verb.build.BuildVerb object at 0x70cf66a06290>, main=<bound method BuildVerb.main of <colcon_core.verb.build.BuildVerb object at 0x70cf66a06290>>, mixin_verb=('build',))
[0.175s] Level 1:colcon.colcon_core.package_discovery:discover_packages(colcon_meta) check parameters
[0.175s] Level 1:colcon.colcon_core.package_discovery:discover_packages(recursive) check parameters
[0.175s] Level 1:colcon.colcon_core.package_discovery:discover_packages(ignore) check parameters
[0.175s] Level 1:colcon.colcon_core.package_discovery:discover_packages(path) check parameters
[0.175s] Level 1:colcon.colcon_core.package_discovery:discover_packages(colcon_meta) discover
[0.175s] Level 1:colcon.colcon_core.package_discovery:discover_packages(recursive) discover
[0.175s] INFO:colcon.colcon_core.package_discovery:Crawling recursively for packages in '/home/ros/arduinobot'
[0.175s] Level 1:colcon.colcon_core.package_identification:_identify(.) by extensions ['ignore', 'ignore_ament_install']
[0.175s] Level 1:colcon.colcon_core.package_identification:_identify(.) by extension 'ignore'
[0.175s] Level 1:colcon.colcon_core.package_identification:_identify(.) by extension 'ignore_ament_install'
[0.175s] Level 1:colcon.colcon_core.package_identification:_identify(.) by extensions ['colcon_pkg']
[0.175s] Level 1:colcon.colcon_core.package_identification:_identify(.) by extension 'colcon_pkg'
[0.175s] Level 1:colcon.colcon_core.package_identification:_identify(.) by extensions ['colcon_meta']
[0.175s] Level 1:colcon.colcon_core.package_identification:_identify(.) by extension 'colcon_meta'
[0.175s] Level 1:colcon.colcon_core.package_identification:_identify(.) by extensions ['ros']
[0.175s] Level 1:colcon.colcon_core.package_identification:_identify(.) by extension 'ros'
[0.182s] Level 1:colcon.colcon_core.package_identification:_identify(.) by extensions ['cmake', 'python']
[0.182s] Level 1:colcon.colcon_core.package_identification:_identify(.) by extension 'cmake'
[0.182s] Level 1:colcon.colcon_core.package_identification:_identify(.) by extension 'python'
[0.182s] Level 1:colcon.colcon_core.package_identification:_identify(.) by extensions ['python_setup_py']
[0.182s] Level 1:colcon.colcon_core.package_identification:_identify(.) by extension 'python_setup_py'
[0.182s] Level 1:colcon.colcon_core.package_identification:_identify(build) by extensions ['ignore', 'ignore_ament_install']
[0.183s] Level 1:colcon.colcon_core.package_identification:_identify(build) by extension 'ignore'
[0.183s] Level 1:colcon.colcon_core.package_identification:_identify(build) ignored
[0.183s] Level 1:colcon.colcon_core.package_identification:_identify(install) by extensions ['ignore', 'ignore_ament_install']
[0.183s] Level 1:colcon.colcon_core.package_identification:_identify(install) by extension 'ignore'
[0.183s] Level 1:colcon.colcon_core.package_identification:_identify(install) ignored
[0.183s] Level 1:colcon.colcon_core.package_identification:_identify(log) by extensions ['ignore', 'ignore_ament_install']
[0.183s] Level 1:colcon.colcon_core.package_identification:_identify(log) by extension 'ignore'
[0.183s] Level 1:colcon.colcon_core.package_identification:_identify(log) ignored
[0.183s] Level 1:colcon.colcon_core.package_identification:_identify(src) by extensions ['ignore', 'ignore_ament_install']
[0.183s] Level 1:colcon.colcon_core.package_identification:_identify(src) by extension 'ignore'
[0.183s] Level 1:colcon.colcon_core.package_identification:_identify(src) by extension 'ignore_ament_install'
[0.183s] Level 1:colcon.colcon_core.package_identification:_identify(src) by extensions ['colcon_pkg']
[0.183s] Level 1:colcon.colcon_core.package_identification:_identify(src) by extension 'colcon_pkg'
[0.183s] Level 1:colcon.colcon_core.package_identification:_identify(src) by extensions ['colcon_meta']
[0.183s] Level 1:colcon.colcon_core.package_identification:_identify(src) by extension 'colcon_meta'
[0.183s] Level 1:colcon.colcon_core.package_identification:_identify(src) by extensions ['ros']
[0.183s] Level 1:colcon.colcon_core.package_identification:_identify(src) by extension 'ros'
[0.183s] Level 1:colcon.colcon_core.package_identification:_identify(src) by extensions ['cmake', 'python']
[0.183s] Level 1:colcon.colcon_core.package_identification:_identify(src) by extension 'cmake'
[0.183s] Level 1:colcon.colcon_core.package_identification:_identify(src) by extension 'python'
[0.183s] Level 1:colcon.colcon_core.package_identification:_identify(src) by extensions ['python_setup_py']
[0.183s] Level 1:colcon.colcon_core.package_identification:_identify(src) by extension 'python_setup_py'
[0.183s] Level 1:colcon.colcon_core.package_identification:_identify(src/arduinobot_cpp_examples) by extensions ['ignore', 'ignore_ament_install']
[0.183s] Level 1:colcon.colcon_core.package_identification:_identify(src/arduinobot_cpp_examples) by extension 'ignore'
[0.183s] Level 1:colcon.colcon_core.package_identification:_identify(src/arduinobot_cpp_examples) by extension 'ignore_ament_install'
[0.183s] Level 1:colcon.colcon_core.package_identification:_identify(src/arduinobot_cpp_examples) by extensions ['colcon_pkg']
[0.184s] Level 1:colcon.colcon_core.package_identification:_identify(src/arduinobot_cpp_examples) by extension 'colcon_pkg'
[0.184s] Level 1:colcon.colcon_core.package_identification:_identify(src/arduinobot_cpp_examples) by extensions ['colcon_meta']
[0.184s] Level 1:colcon.colcon_core.package_identification:_identify(src/arduinobot_cpp_examples) by extension 'colcon_meta'
[0.184s] Level 1:colcon.colcon_core.package_identification:_identify(src/arduinobot_cpp_examples) by extensions ['ros']
[0.184s] Level 1:colcon.colcon_core.package_identification:_identify(src/arduinobot_cpp_examples) by extension 'ros'
[0.185s] DEBUG:colcon.colcon_core.package_identification:Package 'src/arduinobot_cpp_examples' with type 'ros.ament_cmake' and name 'arduinobot_cpp_examples'
[0.185s] Level 1:colcon.colcon_core.package_identification:_identify(src/arduinobot_description) by extensions ['ignore', 'ignore_ament_install']
[0.185s] Level 1:colcon.colcon_core.package_identification:_identify(src/arduinobot_description) by extension 'ignore'
[0.185s] Level 1:colcon.colcon_core.package_identification:_identify(src/arduinobot_description) by extension 'ignore_ament_install'
[0.185s] Level 1:colcon.colcon_core.package_identification:_identify(src/arduinobot_description) by extensions ['colcon_pkg']
[0.185s] Level 1:colcon.colcon_core.package_identification:_identify(src/arduinobot_description) by extension 'colcon_pkg'
[0.185s] Level 1:colcon.colcon_core.package_identification:_identify(src/arduinobot_description) by extensions ['colcon_meta']
[0.185s] Level 1:colcon.colcon_core.package_identification:_identify(src/arduinobot_description) by extension 'colcon_meta'
[0.185s] Level 1:colcon.colcon_core.package_identification:_identify(src/arduinobot_description) by extensions ['ros']
[0.185s] Level 1:colcon.colcon_core.package_identification:_identify(src/arduinobot_description) by extension 'ros'
[0.186s] DEBUG:colcon.colcon_core.package_identification:Package 'src/arduinobot_description' with type 'ros.ament_cmake' and name 'arduinobot_description'
[0.186s] Level 1:colcon.colcon_core.package_identification:_identify(src/arduinobot_py_examples) by extensions ['ignore', 'ignore_ament_install']
[0.186s] Level 1:colcon.colcon_core.package_identification:_identify(src/arduinobot_py_examples) by extension 'ignore'
[0.186s] Level 1:colcon.colcon_core.package_identification:_identify(src/arduinobot_py_examples) by extension 'ignore_ament_install'
[0.186s] Level 1:colcon.colcon_core.package_identification:_identify(src/arduinobot_py_examples) by extensions ['colcon_pkg']
[0.186s] Level 1:colcon.colcon_core.package_identification:_identify(src/arduinobot_py_examples) by extension 'colcon_pkg'
[0.186s] Level 1:colcon.colcon_core.package_identification:_identify(src/arduinobot_py_examples) by extensions ['colcon_meta']
[0.186s] Level 1:colcon.colcon_core.package_identification:_identify(src/arduinobot_py_examples) by extension 'colcon_meta'
[0.186s] Level 1:colcon.colcon_core.package_identification:_identify(src/arduinobot_py_examples) by extensions ['ros']
[0.186s] Level 1:colcon.colcon_core.package_identification:_identify(src/arduinobot_py_examples) by extension 'ros'
[0.186s] DEBUG:colcon.colcon_core.package_identification:Package 'src/arduinobot_py_examples' with type 'ros.ament_python' and name 'arduinobot_py_examples'
[0.186s] Level 1:colcon.colcon_core.package_discovery:discover_packages(recursive) using defaults
[0.186s] Level 1:colcon.colcon_core.package_discovery:discover_packages(ignore) discover
[0.186s] Level 1:colcon.colcon_core.package_discovery:discover_packages(ignore) using defaults
[0.186s] Level 1:colcon.colcon_core.package_discovery:discover_packages(path) discover
[0.186s] Level 1:colcon.colcon_core.package_discovery:discover_packages(path) using defaults
[0.205s] Level 1:colcon.colcon_core.package_discovery:discover_packages(prefix_path) check parameters
[0.205s] Level 1:colcon.colcon_core.package_discovery:discover_packages(prefix_path) discover
[0.206s] DEBUG:colcon.colcon_installed_package_information.package_discovery:Found 3 installed packages in /home/ros/arduinobot/install
[0.207s] DEBUG:colcon.colcon_installed_package_information.package_discovery:Found 367 installed packages in /opt/ros/iron
[0.209s] Level 1:colcon.colcon_core.package_discovery:discover_packages(prefix_path) using defaults
[0.243s] Level 5:colcon.colcon_core.verb:set package 'arduinobot_cpp_examples' build argument 'cmake_args' from command line to 'None'
[0.243s] Level 5:colcon.colcon_core.verb:set package 'arduinobot_cpp_examples' build argument 'cmake_target' from command line to 'None'
[0.243s] Level 5:colcon.colcon_core.verb:set package 'arduinobot_cpp_examples' build argument 'cmake_target_skip_unavailable' from command line to 'False'
[0.243s] Level 5:colcon.colcon_core.verb:set package 'arduinobot_cpp_examples' build argument 'cmake_clean_cache' from command line to 'False'
[0.243s] Level 5:colcon.colcon_core.verb:set package 'arduinobot_cpp_examples' build argument 'cmake_clean_first' from command line to 'False'
[0.243s] Level 5:colcon.colcon_core.verb:set package 'arduinobot_cpp_examples' build argument 'cmake_force_configure' from command line to 'False'
[0.243s] Level 5:colcon.colcon_core.verb:set package 'arduinobot_cpp_examples' build argument 'ament_cmake_args' from command line to 'None'
[0.243s] Level 5:colcon.colcon_core.verb:set package 'arduinobot_cpp_examples' build argument 'catkin_cmake_args' from command line to 'None'
[0.243s] Level 5:colcon.colcon_core.verb:set package 'arduinobot_cpp_examples' build argument 'catkin_skip_building_tests' from command line to 'False'
[0.243s] DEBUG:colcon.colcon_core.verb:Building package 'arduinobot_cpp_examples' with the following arguments: {'ament_cmake_args': None, 'build_base': '/home/ros/arduinobot/build/arduinobot_cpp_examples', 'catkin_cmake_args': None, 'catkin_skip_building_tests': False, 'cmake_args': None, 'cmake_clean_cache': False, 'cmake_clean_first': False, 'cmake_force_configure': False, 'cmake_target': None, 'cmake_target_skip_unavailable': False, 'install_base': '/home/ros/arduinobot/install/arduinobot_cpp_examples', 'merge_install': False, 'path': '/home/ros/arduinobot/src/arduinobot_cpp_examples', 'symlink_install': False, 'test_result_base': None}
[0.243s] Level 5:colcon.colcon_core.verb:set package 'arduinobot_description' build argument 'cmake_args' from command line to 'None'
[0.243s] Level 5:colcon.colcon_core.verb:set package 'arduinobot_description' build argument 'cmake_target' from command line to 'None'
[0.243s] Level 5:colcon.colcon_core.verb:set package 'arduinobot_description' build argument 'cmake_target_skip_unavailable' from command line to 'False'
[0.243s] Level 5:colcon.colcon_core.verb:set package 'arduinobot_description' build argument 'cmake_clean_cache' from command line to 'False'
[0.244s] Level 5:colcon.colcon_core.verb:set package 'arduinobot_description' build argument 'cmake_clean_first' from command line to 'False'
[0.244s] Level 5:colcon.colcon_core.verb:set package 'arduinobot_description' build argument 'cmake_force_configure' from command line to 'False'
[0.244s] Level 5:colcon.colcon_core.verb:set package 'arduinobot_description' build argument 'ament_cmake_args' from command line to 'None'
[0.244s] Level 5:colcon.colcon_core.verb:set package 'arduinobot_description' build argument 'catkin_cmake_args' from command line to 'None'
[0.244s] Level 5:colcon.colcon_core.verb:set package 'arduinobot_description' build argument 'catkin_skip_building_tests' from command line to 'False'
[0.244s] DEBUG:colcon.colcon_core.verb:Building package 'arduinobot_description' with the following arguments: {'ament_cmake_args': None, 'build_base': '/home/ros/arduinobot/build/arduinobot_description', 'catkin_cmake_args': None, 'catkin_skip_building_tests': False, 'cmake_args': None, 'cmake_clean_cache': False, 'cmake_clean_first': False, 'cmake_force_configure': False, 'cmake_target': None, 'cmake_target_skip_unavailable': False, 'install_base': '/home/ros/arduinobot/install/arduinobot_description', 'merge_install': False, 'path': '/home/ros/arduinobot/src/arduinobot_description', 'symlink_install': False, 'test_result_base': None}
[0.244s] Level 5:colcon.colcon_core.verb:set package 'arduinobot_py_examples' build argument 'cmake_args' from command line to 'None'
[0.244s] Level 5:colcon.colcon_core.verb:set package 'arduinobot_py_examples' build argument 'cmake_target' from command line to 'None'
[0.244s] Level 5:colcon.colcon_core.verb:set package 'arduinobot_py_examples' build argument 'cmake_target_skip_unavailable' from command line to 'False'
[0.244s] Level 5:colcon.colcon_core.verb:set package 'arduinobot_py_examples' build argument 'cmake_clean_cache' from command line to 'False'
[0.244s] Level 5:colcon.colcon_core.verb:set package 'arduinobot_py_examples' build argument 'cmake_clean_first' from command line to 'False'
[0.244s] Level 5:colcon.colcon_core.verb:set package 'arduinobot_py_examples' build argument 'cmake_force_configure' from command line to 'False'
[0.244s] Level 5:colcon.colcon_core.verb:set package 'arduinobot_py_examples' build argument 'ament_cmake_args' from command line to 'None'
[0.244s] Level 5:colcon.colcon_core.verb:set package 'arduinobot_py_examples' build argument 'catkin_cmake_args' from command line to 'None'
[0.244s] Level 5:colcon.colcon_core.verb:set package 'arduinobot_py_examples' build argument 'catkin_skip_building_tests' from command line to 'False'
[0.244s] DEBUG:colcon.colcon_core.verb:Building package 'arduinobot_py_examples' with the following arguments: {'ament_cmake_args': None, 'build_base': '/home/ros/arduinobot/build/arduinobot_py_examples', 'catkin_cmake_args': None, 'catkin_skip_building_tests': False, 'cmake_args': None, 'cmake_clean_cache': False, 'cmake_clean_first': False, 'cmake_force_configure': False, 'cmake_target': None, 'cmake_target_skip_unavailable': False, 'install_base': '/home/ros/arduinobot/install/arduinobot_py_examples', 'merge_install': False, 'path': '/home/ros/arduinobot/src/arduinobot_py_examples', 'symlink_install': False, 'test_result_base': None}
[0.244s] INFO:colcon.colcon_core.executor:Executing jobs using 'parallel' executor
[0.245s] DEBUG:colcon.colcon_parallel_executor.executor.parallel:run_until_complete
[0.245s] INFO:colcon.colcon_ros.task.ament_cmake.build:Building ROS package in '/home/ros/arduinobot/src/arduinobot_cpp_examples' with build type 'ament_cmake'
[0.245s] INFO:colcon.colcon_cmake.task.cmake.build:Building CMake package in '/home/ros/arduinobot/src/arduinobot_cpp_examples'
[0.247s] INFO:colcon.colcon_core.plugin_system:Skipping extension 'colcon_core.shell.bat': Not used on non-Windows systems
[0.247s] INFO:colcon.colcon_core.shell:Skip shell extension 'powershell' for command environment: Not usable outside of PowerShell
[0.247s] DEBUG:colcon.colcon_core.shell:Skip shell extension 'dsv' for command environment
[0.250s] INFO:colcon.colcon_ros.task.ament_cmake.build:Building ROS package in '/home/ros/arduinobot/src/arduinobot_description' with build type 'ament_cmake'
[0.250s] INFO:colcon.colcon_cmake.task.cmake.build:Building CMake package in '/home/ros/arduinobot/src/arduinobot_description'
[0.250s] INFO:colcon.colcon_core.shell:Skip shell extension 'powershell' for command environment: Not usable outside of PowerShell
[0.250s] DEBUG:colcon.colcon_core.shell:Skip shell extension 'dsv' for command environment
[0.253s] INFO:colcon.colcon_ros.task.ament_python.build:Building ROS package in '/home/ros/arduinobot/src/arduinobot_py_examples' with build type 'ament_python'
[0.253s] Level 1:colcon.colcon_core.shell:create_environment_hook('arduinobot_py_examples', 'ament_prefix_path')
[0.254s] INFO:colcon.colcon_core.shell:Creating environment hook '/home/ros/arduinobot/install/arduinobot_py_examples/share/arduinobot_py_examples/hook/ament_prefix_path.ps1'
[0.254s] INFO:colcon.colcon_core.shell:Creating environment descriptor '/home/ros/arduinobot/install/arduinobot_py_examples/share/arduinobot_py_examples/hook/ament_prefix_path.dsv'
[0.254s] INFO:colcon.colcon_core.shell:Creating environment hook '/home/ros/arduinobot/install/arduinobot_py_examples/share/arduinobot_py_examples/hook/ament_prefix_path.sh'
[0.255s] INFO:colcon.colcon_core.shell:Skip shell extension 'powershell' for command environment: Not usable outside of PowerShell
[0.255s] DEBUG:colcon.colcon_core.shell:Skip shell extension 'dsv' for command environment
[0.262s] DEBUG:colcon.colcon_core.event_handler.log_command:Invoking command in '/home/ros/arduinobot/build/arduinobot_cpp_examples': CMAKE_PREFIX_PATH=${CMAKE_PREFIX_PATH}:/home/ros/arduinobot/install/arduinobot_py_examples:/opt/ros/iron /usr/bin/cmake --build /home/ros/arduinobot/build/arduinobot_cpp_examples -- -j8 -l8
[0.264s] DEBUG:colcon.colcon_core.event_handler.log_command:Invoking command in '/home/ros/arduinobot/build/arduinobot_description': CMAKE_PREFIX_PATH=${CMAKE_PREFIX_PATH}:/home/ros/arduinobot/install/arduinobot_py_examples:/opt/ros/iron /usr/bin/cmake --build /home/ros/arduinobot/build/arduinobot_description -- -j8 -l8
[0.449s] INFO:colcon.colcon_core.task.python.build:Building Python package in '/home/ros/arduinobot/src/arduinobot_py_examples'
[0.449s] INFO:colcon.colcon_core.shell:Skip shell extension 'powershell' for command environment: Not usable outside of PowerShell
[0.449s] DEBUG:colcon.colcon_core.shell:Skip shell extension 'dsv' for command environment
[0.454s] DEBUG:colcon.colcon_core.event_handler.log_command:Invoked command in '/home/ros/arduinobot/build/arduinobot_cpp_examples' returned '0': CMAKE_PREFIX_PATH=${CMAKE_PREFIX_PATH}:/home/ros/arduinobot/install/arduinobot_py_examples:/opt/ros/iron /usr/bin/cmake --build /home/ros/arduinobot/build/arduinobot_cpp_examples -- -j8 -l8
[0.455s] DEBUG:colcon.colcon_core.event_handler.log_command:Invoked command in '/home/ros/arduinobot/build/arduinobot_description' returned '0': CMAKE_PREFIX_PATH=${CMAKE_PREFIX_PATH}:/home/ros/arduinobot/install/arduinobot_py_examples:/opt/ros/iron /usr/bin/cmake --build /home/ros/arduinobot/build/arduinobot_description -- -j8 -l8
[0.483s] DEBUG:colcon.colcon_core.event_handler.log_command:Invoking command in '/home/ros/arduinobot/build/arduinobot_description': CMAKE_PREFIX_PATH=${CMAKE_PREFIX_PATH}:/home/ros/arduinobot/install/arduinobot_py_examples:/opt/ros/iron /usr/bin/cmake --install /home/ros/arduinobot/build/arduinobot_description
[0.487s] DEBUG:colcon.colcon_core.event_handler.log_command:Invoking command in '/home/ros/arduinobot/build/arduinobot_cpp_examples': CMAKE_PREFIX_PATH=${CMAKE_PREFIX_PATH}:/home/ros/arduinobot/install/arduinobot_py_examples:/opt/ros/iron /usr/bin/cmake --install /home/ros/arduinobot/build/arduinobot_cpp_examples
[0.500s] Level 1:colcon.colcon_core.environment:create_environment_scripts_only(arduinobot_description)
[0.500s] DEBUG:colcon.colcon_core.event_handler.log_command:Invoked command in '/home/ros/arduinobot/build/arduinobot_description' returned '0': CMAKE_PREFIX_PATH=${CMAKE_PREFIX_PATH}:/home/ros/arduinobot/install/arduinobot_py_examples:/opt/ros/iron /usr/bin/cmake --install /home/ros/arduinobot/build/arduinobot_description
[0.503s] Level 1:colcon.colcon_core.environment:checking '/home/ros/arduinobot/install/arduinobot_description' for CMake module files
[0.503s] Level 1:colcon.colcon_core.environment:checking '/home/ros/arduinobot/install/arduinobot_description' for CMake config files
[0.504s] Level 1:colcon.colcon_core.shell:create_environment_hook('arduinobot_description', 'cmake_prefix_path')
[0.504s] INFO:colcon.colcon_core.shell:Creating environment hook '/home/ros/arduinobot/install/arduinobot_description/share/arduinobot_description/hook/cmake_prefix_path.ps1'
[0.504s] INFO:colcon.colcon_core.shell:Creating environment descriptor '/home/ros/arduinobot/install/arduinobot_description/share/arduinobot_description/hook/cmake_prefix_path.dsv'
[0.505s] INFO:colcon.colcon_core.shell:Creating environment hook '/home/ros/arduinobot/install/arduinobot_description/share/arduinobot_description/hook/cmake_prefix_path.sh'
[0.506s] Level 1:colcon.colcon_core.environment:checking '/home/ros/arduinobot/install/arduinobot_description/bin'
[0.506s] Level 1:colcon.colcon_core.environment:checking '/home/ros/arduinobot/install/arduinobot_description/lib/pkgconfig/arduinobot_description.pc'
[0.506s] Level 1:colcon.colcon_core.environment:checking '/home/ros/arduinobot/install/arduinobot_description/lib/python3.10/site-packages'
[0.506s] Level 1:colcon.colcon_core.environment:checking '/home/ros/arduinobot/install/arduinobot_description/bin'
[0.506s] INFO:colcon.colcon_core.shell:Creating package script '/home/ros/arduinobot/install/arduinobot_description/share/arduinobot_description/package.ps1'
[0.507s] INFO:colcon.colcon_core.shell:Creating package descriptor '/home/ros/arduinobot/install/arduinobot_description/share/arduinobot_description/package.dsv'
[0.508s] INFO:colcon.colcon_core.shell:Creating package script '/home/ros/arduinobot/install/arduinobot_description/share/arduinobot_description/package.sh'
[0.509s] INFO:colcon.colcon_core.shell:Creating package script '/home/ros/arduinobot/install/arduinobot_description/share/arduinobot_description/package.bash'
[0.509s] INFO:colcon.colcon_core.shell:Creating package script '/home/ros/arduinobot/install/arduinobot_description/share/arduinobot_description/package.zsh'
[0.510s] Level 1:colcon.colcon_core.environment:create_file_with_runtime_dependencies(/home/ros/arduinobot/install/arduinobot_description/share/colcon-core/packages/arduinobot_description)
[0.511s] Level 1:colcon.colcon_core.environment:create_environment_scripts_only(arduinobot_cpp_examples)
[0.511s] Level 1:colcon.colcon_core.environment:checking '/home/ros/arduinobot/install/arduinobot_cpp_examples' for CMake module files
[0.512s] DEBUG:colcon.colcon_core.event_handler.log_command:Invoked command in '/home/ros/arduinobot/build/arduinobot_cpp_examples' returned '0': CMAKE_PREFIX_PATH=${CMAKE_PREFIX_PATH}:/home/ros/arduinobot/install/arduinobot_py_examples:/opt/ros/iron /usr/bin/cmake --install /home/ros/arduinobot/build/arduinobot_cpp_examples
[0.512s] Level 1:colcon.colcon_core.environment:checking '/home/ros/arduinobot/install/arduinobot_cpp_examples' for CMake config files
[0.513s] Level 1:colcon.colcon_core.shell:create_environment_hook('arduinobot_cpp_examples', 'cmake_prefix_path')
[0.513s] INFO:colcon.colcon_core.shell:Creating environment hook '/home/ros/arduinobot/install/arduinobot_cpp_examples/share/arduinobot_cpp_examples/hook/cmake_prefix_path.ps1'
[0.513s] INFO:colcon.colcon_core.shell:Creating environment descriptor '/home/ros/arduinobot/install/arduinobot_cpp_examples/share/arduinobot_cpp_examples/hook/cmake_prefix_path.dsv'
[0.514s] INFO:colcon.colcon_core.shell:Creating environment hook '/home/ros/arduinobot/install/arduinobot_cpp_examples/share/arduinobot_cpp_examples/hook/cmake_prefix_path.sh'
[0.514s] Level 1:colcon.colcon_core.environment:checking '/home/ros/arduinobot/install/arduinobot_cpp_examples/bin'
[0.515s] Level 1:colcon.colcon_core.environment:checking '/home/ros/arduinobot/install/arduinobot_cpp_examples/lib/pkgconfig/arduinobot_cpp_examples.pc'
[0.515s] Level 1:colcon.colcon_core.environment:checking '/home/ros/arduinobot/install/arduinobot_cpp_examples/lib/python3.10/site-packages'
[0.515s] Level 1:colcon.colcon_core.environment:checking '/home/ros/arduinobot/install/arduinobot_cpp_examples/bin'
[0.515s] INFO:colcon.colcon_core.shell:Creating package script '/home/ros/arduinobot/install/arduinobot_cpp_examples/share/arduinobot_cpp_examples/package.ps1'
[0.516s] INFO:colcon.colcon_core.shell:Creating package descriptor '/home/ros/arduinobot/install/arduinobot_cpp_examples/share/arduinobot_cpp_examples/package.dsv'
[0.516s] INFO:colcon.colcon_core.shell:Creating package script '/home/ros/arduinobot/install/arduinobot_cpp_examples/share/arduinobot_cpp_examples/package.sh'
[0.517s] INFO:colcon.colcon_core.shell:Creating package script '/home/ros/arduinobot/install/arduinobot_cpp_examples/share/arduinobot_cpp_examples/package.bash'
[0.517s] INFO:colcon.colcon_core.shell:Creating package script '/home/ros/arduinobot/install/arduinobot_cpp_examples/share/arduinobot_cpp_examples/package.zsh'
[0.518s] Level 1:colcon.colcon_core.environment:create_file_with_runtime_dependencies(/home/ros/arduinobot/install/arduinobot_cpp_examples/share/colcon-core/packages/arduinobot_cpp_examples)
[0.532s] Level 1:colcon.colcon_core.environment:create_environment_scripts_only(arduinobot_description)
[0.533s] Level 1:colcon.colcon_core.environment:checking '/home/ros/arduinobot/install/arduinobot_description' for CMake module files
[0.533s] Level 1:colcon.colcon_core.environment:checking '/home/ros/arduinobot/install/arduinobot_description' for CMake config files
[0.534s] Level 1:colcon.colcon_core.shell:create_environment_hook('arduinobot_description', 'cmake_prefix_path')
[0.534s] INFO:colcon.colcon_core.shell:Creating environment hook '/home/ros/arduinobot/install/arduinobot_description/share/arduinobot_description/hook/cmake_prefix_path.ps1'
[0.534s] INFO:colcon.colcon_core.shell:Creating environment descriptor '/home/ros/arduinobot/install/arduinobot_description/share/arduinobot_description/hook/cmake_prefix_path.dsv'
[0.535s] INFO:colcon.colcon_core.shell:Creating environment hook '/home/ros/arduinobot/install/arduinobot_description/share/arduinobot_description/hook/cmake_prefix_path.sh'
[0.535s] Level 1:colcon.colcon_core.environment:checking '/home/ros/arduinobot/install/arduinobot_description/bin'
[0.536s] Level 1:colcon.colcon_core.environment:checking '/home/ros/arduinobot/install/arduinobot_description/lib/pkgconfig/arduinobot_description.pc'
[0.536s] Level 1:colcon.colcon_core.environment:checking '/home/ros/arduinobot/install/arduinobot_description/lib/python3.10/site-packages'
[0.536s] Level 1:colcon.colcon_core.environment:checking '/home/ros/arduinobot/install/arduinobot_description/bin'
[0.536s] INFO:colcon.colcon_core.shell:Creating package script '/home/ros/arduinobot/install/arduinobot_description/share/arduinobot_description/package.ps1'
[0.537s] INFO:colcon.colcon_core.shell:Creating package descriptor '/home/ros/arduinobot/install/arduinobot_description/share/arduinobot_description/package.dsv'
[0.537s] INFO:colcon.colcon_core.shell:Creating package script '/home/ros/arduinobot/install/arduinobot_description/share/arduinobot_description/package.sh'
[0.538s] INFO:colcon.colcon_core.shell:Creating package script '/home/ros/arduinobot/install/arduinobot_description/share/arduinobot_description/package.bash'
[0.538s] INFO:colcon.colcon_core.shell:Creating package script '/home/ros/arduinobot/install/arduinobot_description/share/arduinobot_description/package.zsh'
[0.539s] Level 1:colcon.colcon_core.environment:create_file_with_runtime_dependencies(/home/ros/arduinobot/install/arduinobot_description/share/colcon-core/packages/arduinobot_description)
[0.550s] Level 1:colcon.colcon_core.environment:create_environment_scripts_only(arduinobot_cpp_examples)
[0.550s] Level 1:colcon.colcon_core.environment:checking '/home/ros/arduinobot/install/arduinobot_cpp_examples' for CMake module files
[0.550s] Level 1:colcon.colcon_core.environment:checking '/home/ros/arduinobot/install/arduinobot_cpp_examples' for CMake config files
[0.551s] Level 1:colcon.colcon_core.shell:create_environment_hook('arduinobot_cpp_examples', 'cmake_prefix_path')
[0.551s] INFO:colcon.colcon_core.shell:Creating environment hook '/home/ros/arduinobot/install/arduinobot_cpp_examples/share/arduinobot_cpp_examples/hook/cmake_prefix_path.ps1'
[0.551s] INFO:colcon.colcon_core.shell:Creating environment descriptor '/home/ros/arduinobot/install/arduinobot_cpp_examples/share/arduinobot_cpp_examples/hook/cmake_prefix_path.dsv'
[0.552s] INFO:colcon.colcon_core.shell:Creating environment hook '/home/ros/arduinobot/install/arduinobot_cpp_examples/share/arduinobot_cpp_examples/hook/cmake_prefix_path.sh'
[0.553s] Level 1:colcon.colcon_core.environment:checking '/home/ros/arduinobot/install/arduinobot_cpp_examples/bin'
[0.553s] Level 1:colcon.colcon_core.environment:checking '/home/ros/arduinobot/install/arduinobot_cpp_examples/lib/pkgconfig/arduinobot_cpp_examples.pc'
[0.553s] Level 1:colcon.colcon_core.environment:checking '/home/ros/arduinobot/install/arduinobot_cpp_examples/lib/python3.10/site-packages'
[0.553s] Level 1:colcon.colcon_core.environment:checking '/home/ros/arduinobot/install/arduinobot_cpp_examples/bin'
[0.553s] INFO:colcon.colcon_core.shell:Creating package script '/home/ros/arduinobot/install/arduinobot_cpp_examples/share/arduinobot_cpp_examples/package.ps1'
[0.554s] INFO:colcon.colcon_core.shell:Creating package descriptor '/home/ros/arduinobot/install/arduinobot_cpp_examples/share/arduinobot_cpp_examples/package.dsv'
[0.556s] INFO:colcon.colcon_core.shell:Creating package script '/home/ros/arduinobot/install/arduinobot_cpp_examples/share/arduinobot_cpp_examples/package.sh'
[0.557s] INFO:colcon.colcon_core.shell:Creating package script '/home/ros/arduinobot/install/arduinobot_cpp_examples/share/arduinobot_cpp_examples/package.bash'
[0.558s] INFO:colcon.colcon_core.shell:Creating package script '/home/ros/arduinobot/install/arduinobot_cpp_examples/share/arduinobot_cpp_examples/package.zsh'
[0.558s] Level 1:colcon.colcon_core.environment:create_file_with_runtime_dependencies(/home/ros/arduinobot/install/arduinobot_cpp_examples/share/colcon-core/packages/arduinobot_cpp_examples)
[0.703s] DEBUG:colcon.colcon_core.event_handler.log_command:Invoking command in '/home/ros/arduinobot/src/arduinobot_py_examples': PYTHONPATH=/home/ros/arduinobot/build/arduinobot_py_examples/prefix_override:/home/ros/arduinobot/install/arduinobot_py_examples/lib/python3.10/site-packages:${PYTHONPATH} /usr/bin/python3 -W ignore:setup.py install is deprecated setup.py egg_info --egg-base ../../build/arduinobot_py_examples build --build-base /home/ros/arduinobot/build/arduinobot_py_examples/build install --record /home/ros/arduinobot/build/arduinobot_py_examples/install.log --single-version-externally-managed install_data
[0.888s] Level 1:colcon.colcon_core.environment:checking '/home/ros/arduinobot/install/arduinobot_py_examples' for CMake module files
[0.888s] DEBUG:colcon.colcon_core.event_handler.log_command:Invoked command in '/home/ros/arduinobot/src/arduinobot_py_examples' returned '0': PYTHONPATH=/home/ros/arduinobot/build/arduinobot_py_examples/prefix_override:/home/ros/arduinobot/install/arduinobot_py_examples/lib/python3.10/site-packages:${PYTHONPATH} /usr/bin/python3 -W ignore:setup.py install is deprecated setup.py egg_info --egg-base ../../build/arduinobot_py_examples build --build-base /home/ros/arduinobot/build/arduinobot_py_examples/build install --record /home/ros/arduinobot/build/arduinobot_py_examples/install.log --single-version-externally-managed install_data
[0.889s] Level 1:colcon.colcon_core.environment:checking '/home/ros/arduinobot/install/arduinobot_py_examples' for CMake config files
[0.889s] Level 1:colcon.colcon_core.environment:checking '/home/ros/arduinobot/install/arduinobot_py_examples/lib'
[0.890s] Level 1:colcon.colcon_core.environment:checking '/home/ros/arduinobot/install/arduinobot_py_examples/bin'
[0.890s] Level 1:colcon.colcon_core.environment:checking '/home/ros/arduinobot/install/arduinobot_py_examples/lib/pkgconfig/arduinobot_py_examples.pc'
[0.890s] Level 1:colcon.colcon_core.environment:checking '/home/ros/arduinobot/install/arduinobot_py_examples/lib/python3.10/site-packages'
[0.890s] Level 1:colcon.colcon_core.shell:create_environment_hook('arduinobot_py_examples', 'pythonpath')
[0.890s] INFO:colcon.colcon_core.shell:Creating environment hook '/home/ros/arduinobot/install/arduinobot_py_examples/share/arduinobot_py_examples/hook/pythonpath.ps1'
[0.891s] INFO:colcon.colcon_core.shell:Creating environment descriptor '/home/ros/arduinobot/install/arduinobot_py_examples/share/arduinobot_py_examples/hook/pythonpath.dsv'
[0.891s] INFO:colcon.colcon_core.shell:Creating environment hook '/home/ros/arduinobot/install/arduinobot_py_examples/share/arduinobot_py_examples/hook/pythonpath.sh'
[0.892s] Level 1:colcon.colcon_core.environment:checking '/home/ros/arduinobot/install/arduinobot_py_examples/bin'
[0.892s] Level 1:colcon.colcon_core.environment:create_environment_scripts_only(arduinobot_py_examples)
[0.892s] INFO:colcon.colcon_core.shell:Creating package script '/home/ros/arduinobot/install/arduinobot_py_examples/share/arduinobot_py_examples/package.ps1'
[0.895s] INFO:colcon.colcon_core.shell:Creating package descriptor '/home/ros/arduinobot/install/arduinobot_py_examples/share/arduinobot_py_examples/package.dsv'
[0.895s] INFO:colcon.colcon_core.shell:Creating package script '/home/ros/arduinobot/install/arduinobot_py_examples/share/arduinobot_py_examples/package.sh'
[0.896s] INFO:colcon.colcon_core.shell:Creating package script '/home/ros/arduinobot/install/arduinobot_py_examples/share/arduinobot_py_examples/package.bash'
[0.896s] INFO:colcon.colcon_core.shell:Creating package script '/home/ros/arduinobot/install/arduinobot_py_examples/share/arduinobot_py_examples/package.zsh'
[0.897s] Level 1:colcon.colcon_core.environment:create_file_with_runtime_dependencies(/home/ros/arduinobot/install/arduinobot_py_examples/share/colcon-core/packages/arduinobot_py_examples)
[0.898s] DEBUG:colcon.colcon_parallel_executor.executor.parallel:closing loop
[0.898s] DEBUG:colcon.colcon_parallel_executor.executor.parallel:loop closed
[0.898s] DEBUG:colcon.colcon_parallel_executor.executor.parallel:run_until_complete finished with '0'
[0.898s] DEBUG:colcon.colcon_core.event_reactor:joining thread
[0.904s] INFO:colcon.colcon_core.plugin_system:Skipping extension 'colcon_notification.desktop_notification.terminal_notifier': Not used on non-Darwin systems
[0.904s] INFO:colcon.colcon_core.plugin_system:Skipping extension 'colcon_notification.desktop_notification.win32': Not used on non-Windows systems
[0.905s] INFO:colcon.colcon_notification.desktop_notification:Sending desktop notification using 'notify2'
[0.914s] DEBUG:colcon.colcon_core.event_reactor:joined thread
[0.914s] INFO:colcon.colcon_core.shell:Creating prefix script '/home/ros/arduinobot/install/local_setup.ps1'
[0.915s] INFO:colcon.colcon_core.shell:Creating prefix util module '/home/ros/arduinobot/install/_local_setup_util_ps1.py'
[0.917s] INFO:colcon.colcon_core.shell:Creating prefix chain script '/home/ros/arduinobot/install/setup.ps1'
[0.919s] INFO:colcon.colcon_core.shell:Creating prefix script '/home/ros/arduinobot/install/local_setup.sh'
[0.919s] INFO:colcon.colcon_core.shell:Creating prefix util module '/home/ros/arduinobot/install/_local_setup_util_sh.py'
[0.920s] INFO:colcon.colcon_core.shell:Creating prefix chain script '/home/ros/arduinobot/install/setup.sh'
[0.921s] INFO:colcon.colcon_core.shell:Creating prefix script '/home/ros/arduinobot/install/local_setup.bash'
[0.921s] INFO:colcon.colcon_core.shell:Creating prefix chain script '/home/ros/arduinobot/install/setup.bash'
[0.922s] INFO:colcon.colcon_core.shell:Creating prefix script '/home/ros/arduinobot/install/local_setup.zsh'
[0.922s] INFO:colcon.colcon_core.shell:Creating prefix chain script '/home/ros/arduinobot/install/setup.zsh'
