[0.070s] DEBUG:colcon:Command line arguments: ['/usr/bin/colcon', 'build']
[0.070s] DEBUG:colcon:Parsed command line arguments: Namespace(log_base=None, log_level=None, verb_name='build', build_base='build', install_base='install', merge_install=False, symlink_install=False, test_result_base=None, continue_on_error=False, executor='parallel', parallel_workers=8, event_handlers=None, ignore_user_meta=False, metas=['./colcon.meta'], base_paths=['.'], packages_ignore=None, packages_ignore_regex=None, paths=None, packages_up_to=None, packages_up_to_regex=None, packages_above=None, packages_above_and_dependencies=None, packages_above_depth=None, packages_select_by_dep=None, packages_skip_by_dep=None, packages_skip_up_to=None, packages_select_build_failed=False, packages_skip_build_finished=False, packages_select_test_failures=False, packages_skip_test_passed=False, packages_select=None, packages_skip=None, packages_select_regex=None, packages_skip_regex=None, packages_start=None, packages_end=None, allow_overriding=[], cmake_args=None, cmake_target=None, cmake_target_skip_unavailable=False, cmake_clean_cache=False, cmake_clean_first=False, cmake_force_configure=False, ament_cmake_args=None, catkin_cmake_args=None, catkin_skip_building_tests=False, mixin_files=None, mixin=None, verb_parser=<colcon_mixin.mixin.mixin_argument.MixinArgumentDecorator object at 0x75ac75546890>, verb_extension=<colcon_core.verb.build.BuildVerb object at 0x75ac75546290>, main=<bound method BuildVerb.main of <colcon_core.verb.build.BuildVerb object at 0x75ac75546290>>, mixin_verb=('build',))
[0.176s] Level 1:colcon.colcon_core.package_discovery:discover_packages(colcon_meta) check parameters
[0.176s] Level 1:colcon.colcon_core.package_discovery:discover_packages(recursive) check parameters
[0.176s] Level 1:colcon.colcon_core.package_discovery:discover_packages(ignore) check parameters
[0.176s] Level 1:colcon.colcon_core.package_discovery:discover_packages(path) check parameters
[0.176s] Level 1:colcon.colcon_core.package_discovery:discover_packages(colcon_meta) discover
[0.176s] Level 1:colcon.colcon_core.package_discovery:discover_packages(recursive) discover
[0.177s] INFO:colcon.colcon_core.package_discovery:Crawling recursively for packages in '/home/ros/arduinobot'
[0.177s] Level 1:colcon.colcon_core.package_identification:_identify(.) by extensions ['ignore', 'ignore_ament_install']
[0.177s] Level 1:colcon.colcon_core.package_identification:_identify(.) by extension 'ignore'
[0.177s] Level 1:colcon.colcon_core.package_identification:_identify(.) by extension 'ignore_ament_install'
[0.177s] Level 1:colcon.colcon_core.package_identification:_identify(.) by extensions ['colcon_pkg']
[0.177s] Level 1:colcon.colcon_core.package_identification:_identify(.) by extension 'colcon_pkg'
[0.177s] Level 1:colcon.colcon_core.package_identification:_identify(.) by extensions ['colcon_meta']
[0.177s] Level 1:colcon.colcon_core.package_identification:_identify(.) by extension 'colcon_meta'
[0.177s] Level 1:colcon.colcon_core.package_identification:_identify(.) by extensions ['ros']
[0.177s] Level 1:colcon.colcon_core.package_identification:_identify(.) by extension 'ros'
[0.184s] Level 1:colcon.colcon_core.package_identification:_identify(.) by extensions ['cmake', 'python']
[0.184s] Level 1:colcon.colcon_core.package_identification:_identify(.) by extension 'cmake'
[0.184s] Level 1:colcon.colcon_core.package_identification:_identify(.) by extension 'python'
[0.184s] Level 1:colcon.colcon_core.package_identification:_identify(.) by extensions ['python_setup_py']
[0.184s] Level 1:colcon.colcon_core.package_identification:_identify(.) by extension 'python_setup_py'
[0.185s] Level 1:colcon.colcon_core.package_identification:_identify(build) by extensions ['ignore', 'ignore_ament_install']
[0.185s] Level 1:colcon.colcon_core.package_identification:_identify(build) by extension 'ignore'
[0.185s] Level 1:colcon.colcon_core.package_identification:_identify(build) ignored
[0.185s] Level 1:colcon.colcon_core.package_identification:_identify(install) by extensions ['ignore', 'ignore_ament_install']
[0.185s] Level 1:colcon.colcon_core.package_identification:_identify(install) by extension 'ignore'
[0.185s] Level 1:colcon.colcon_core.package_identification:_identify(install) ignored
[0.185s] Level 1:colcon.colcon_core.package_identification:_identify(log) by extensions ['ignore', 'ignore_ament_install']
[0.185s] Level 1:colcon.colcon_core.package_identification:_identify(log) by extension 'ignore'
[0.185s] Level 1:colcon.colcon_core.package_identification:_identify(log) ignored
[0.185s] Level 1:colcon.colcon_core.package_identification:_identify(src) by extensions ['ignore', 'ignore_ament_install']
[0.185s] Level 1:colcon.colcon_core.package_identification:_identify(src) by extension 'ignore'
[0.185s] Level 1:colcon.colcon_core.package_identification:_identify(src) by extension 'ignore_ament_install'
[0.185s] Level 1:colcon.colcon_core.package_identification:_identify(src) by extensions ['colcon_pkg']
[0.185s] Level 1:colcon.colcon_core.package_identification:_identify(src) by extension 'colcon_pkg'
[0.185s] Level 1:colcon.colcon_core.package_identification:_identify(src) by extensions ['colcon_meta']
[0.185s] Level 1:colcon.colcon_core.package_identification:_identify(src) by extension 'colcon_meta'
[0.185s] Level 1:colcon.colcon_core.package_identification:_identify(src) by extensions ['ros']
[0.185s] Level 1:colcon.colcon_core.package_identification:_identify(src) by extension 'ros'
[0.185s] Level 1:colcon.colcon_core.package_identification:_identify(src) by extensions ['cmake', 'python']
[0.185s] Level 1:colcon.colcon_core.package_identification:_identify(src) by extension 'cmake'
[0.185s] Level 1:colcon.colcon_core.package_identification:_identify(src) by extension 'python'
[0.185s] Level 1:colcon.colcon_core.package_identification:_identify(src) by extensions ['python_setup_py']
[0.185s] Level 1:colcon.colcon_core.package_identification:_identify(src) by extension 'python_setup_py'
[0.186s] Level 1:colcon.colcon_core.package_identification:_identify(src/arduinobot_controller) by extensions ['ignore', 'ignore_ament_install']
[0.186s] Level 1:colcon.colcon_core.package_identification:_identify(src/arduinobot_controller) by extension 'ignore'
[0.186s] Level 1:colcon.colcon_core.package_identification:_identify(src/arduinobot_controller) by extension 'ignore_ament_install'
[0.186s] Level 1:colcon.colcon_core.package_identification:_identify(src/arduinobot_controller) by extensions ['colcon_pkg']
[0.186s] Level 1:colcon.colcon_core.package_identification:_identify(src/arduinobot_controller) by extension 'colcon_pkg'
[0.186s] Level 1:colcon.colcon_core.package_identification:_identify(src/arduinobot_controller) by extensions ['colcon_meta']
[0.186s] Level 1:colcon.colcon_core.package_identification:_identify(src/arduinobot_controller) by extension 'colcon_meta'
[0.186s] Level 1:colcon.colcon_core.package_identification:_identify(src/arduinobot_controller) by extensions ['ros']
[0.186s] Level 1:colcon.colcon_core.package_identification:_identify(src/arduinobot_controller) by extension 'ros'
[0.187s] DEBUG:colcon.colcon_core.package_identification:Package 'src/arduinobot_controller' with type 'ros.ament_cmake' and name 'arduinobot_controller'
[0.187s] Level 1:colcon.colcon_core.package_identification:_identify(src/arduinobot_cpp_examples) by extensions ['ignore', 'ignore_ament_install']
[0.188s] Level 1:colcon.colcon_core.package_identification:_identify(src/arduinobot_cpp_examples) by extension 'ignore'
[0.188s] Level 1:colcon.colcon_core.package_identification:_identify(src/arduinobot_cpp_examples) by extension 'ignore_ament_install'
[0.188s] Level 1:colcon.colcon_core.package_identification:_identify(src/arduinobot_cpp_examples) by extensions ['colcon_pkg']
[0.188s] Level 1:colcon.colcon_core.package_identification:_identify(src/arduinobot_cpp_examples) by extension 'colcon_pkg'
[0.188s] Level 1:colcon.colcon_core.package_identification:_identify(src/arduinobot_cpp_examples) by extensions ['colcon_meta']
[0.188s] Level 1:colcon.colcon_core.package_identification:_identify(src/arduinobot_cpp_examples) by extension 'colcon_meta'
[0.188s] Level 1:colcon.colcon_core.package_identification:_identify(src/arduinobot_cpp_examples) by extensions ['ros']
[0.188s] Level 1:colcon.colcon_core.package_identification:_identify(src/arduinobot_cpp_examples) by extension 'ros'
[0.188s] DEBUG:colcon.colcon_core.package_identification:Package 'src/arduinobot_cpp_examples' with type 'ros.ament_cmake' and name 'arduinobot_cpp_examples'
[0.188s] Level 1:colcon.colcon_core.package_identification:_identify(src/arduinobot_description) by extensions ['ignore', 'ignore_ament_install']
[0.188s] Level 1:colcon.colcon_core.package_identification:_identify(src/arduinobot_description) by extension 'ignore'
[0.188s] Level 1:colcon.colcon_core.package_identification:_identify(src/arduinobot_description) by extension 'ignore_ament_install'
[0.188s] Level 1:colcon.colcon_core.package_identification:_identify(src/arduinobot_description) by extensions ['colcon_pkg']
[0.188s] Level 1:colcon.colcon_core.package_identification:_identify(src/arduinobot_description) by extension 'colcon_pkg'
[0.188s] Level 1:colcon.colcon_core.package_identification:_identify(src/arduinobot_description) by extensions ['colcon_meta']
[0.188s] Level 1:colcon.colcon_core.package_identification:_identify(src/arduinobot_description) by extension 'colcon_meta'
[0.188s] Level 1:colcon.colcon_core.package_identification:_identify(src/arduinobot_description) by extensions ['ros']
[0.188s] Level 1:colcon.colcon_core.package_identification:_identify(src/arduinobot_description) by extension 'ros'
[0.189s] DEBUG:colcon.colcon_core.package_identification:Package 'src/arduinobot_description' with type 'ros.ament_cmake' and name 'arduinobot_description'
[0.189s] Level 1:colcon.colcon_core.package_identification:_identify(src/arduinobot_py_examples) by extensions ['ignore', 'ignore_ament_install']
[0.189s] Level 1:colcon.colcon_core.package_identification:_identify(src/arduinobot_py_examples) by extension 'ignore'
[0.189s] Level 1:colcon.colcon_core.package_identification:_identify(src/arduinobot_py_examples) by extension 'ignore_ament_install'
[0.189s] Level 1:colcon.colcon_core.package_identification:_identify(src/arduinobot_py_examples) by extensions ['colcon_pkg']
[0.189s] Level 1:colcon.colcon_core.package_identification:_identify(src/arduinobot_py_examples) by extension 'colcon_pkg'
[0.189s] Level 1:colcon.colcon_core.package_identification:_identify(src/arduinobot_py_examples) by extensions ['colcon_meta']
[0.189s] Level 1:colcon.colcon_core.package_identification:_identify(src/arduinobot_py_examples) by extension 'colcon_meta'
[0.189s] Level 1:colcon.colcon_core.package_identification:_identify(src/arduinobot_py_examples) by extensions ['ros']
[0.189s] Level 1:colcon.colcon_core.package_identification:_identify(src/arduinobot_py_examples) by extension 'ros'
[0.189s] DEBUG:colcon.colcon_core.package_identification:Package 'src/arduinobot_py_examples' with type 'ros.ament_python' and name 'arduinobot_py_examples'
[0.189s] Level 1:colcon.colcon_core.package_discovery:discover_packages(recursive) using defaults
[0.189s] Level 1:colcon.colcon_core.package_discovery:discover_packages(ignore) discover
[0.189s] Level 1:colcon.colcon_core.package_discovery:discover_packages(ignore) using defaults
[0.189s] Level 1:colcon.colcon_core.package_discovery:discover_packages(path) discover
[0.189s] Level 1:colcon.colcon_core.package_discovery:discover_packages(path) using defaults
[0.208s] Level 1:colcon.colcon_core.package_discovery:discover_packages(prefix_path) check parameters
[0.208s] Level 1:colcon.colcon_core.package_discovery:discover_packages(prefix_path) discover
[0.209s] DEBUG:colcon.colcon_installed_package_information.package_discovery:Found 3 installed packages in /home/ros/arduinobot/install
[0.211s] DEBUG:colcon.colcon_installed_package_information.package_discovery:Found 371 installed packages in /opt/ros/iron
[0.212s] Level 1:colcon.colcon_core.package_discovery:discover_packages(prefix_path) using defaults
[0.243s] Level 5:colcon.colcon_core.verb:set package 'arduinobot_controller' build argument 'cmake_args' from command line to 'None'
[0.243s] Level 5:colcon.colcon_core.verb:set package 'arduinobot_controller' build argument 'cmake_target' from command line to 'None'
[0.243s] Level 5:colcon.colcon_core.verb:set package 'arduinobot_controller' build argument 'cmake_target_skip_unavailable' from command line to 'False'
[0.243s] Level 5:colcon.colcon_core.verb:set package 'arduinobot_controller' build argument 'cmake_clean_cache' from command line to 'False'
[0.243s] Level 5:colcon.colcon_core.verb:set package 'arduinobot_controller' build argument 'cmake_clean_first' from command line to 'False'
[0.243s] Level 5:colcon.colcon_core.verb:set package 'arduinobot_controller' build argument 'cmake_force_configure' from command line to 'False'
[0.243s] Level 5:colcon.colcon_core.verb:set package 'arduinobot_controller' build argument 'ament_cmake_args' from command line to 'None'
[0.243s] Level 5:colcon.colcon_core.verb:set package 'arduinobot_controller' build argument 'catkin_cmake_args' from command line to 'None'
[0.243s] Level 5:colcon.colcon_core.verb:set package 'arduinobot_controller' build argument 'catkin_skip_building_tests' from command line to 'False'
[0.243s] DEBUG:colcon.colcon_core.verb:Building package 'arduinobot_controller' with the following arguments: {'ament_cmake_args': None, 'build_base': '/home/ros/arduinobot/build/arduinobot_controller', 'catkin_cmake_args': None, 'catkin_skip_building_tests': False, 'cmake_args': None, 'cmake_clean_cache': False, 'cmake_clean_first': False, 'cmake_force_configure': False, 'cmake_target': None, 'cmake_target_skip_unavailable': False, 'install_base': '/home/ros/arduinobot/install/arduinobot_controller', 'merge_install': False, 'path': '/home/ros/arduinobot/src/arduinobot_controller', 'symlink_install': False, 'test_result_base': None}
[0.243s] Level 5:colcon.colcon_core.verb:set package 'arduinobot_cpp_examples' build argument 'cmake_args' from command line to 'None'
[0.243s] Level 5:colcon.colcon_core.verb:set package 'arduinobot_cpp_examples' build argument 'cmake_target' from command line to 'None'
[0.243s] Level 5:colcon.colcon_core.verb:set package 'arduinobot_cpp_examples' build argument 'cmake_target_skip_unavailable' from command line to 'False'
[0.243s] Level 5:colcon.colcon_core.verb:set package 'arduinobot_cpp_examples' build argument 'cmake_clean_cache' from command line to 'False'
[0.243s] Level 5:colcon.colcon_core.verb:set package 'arduinobot_cpp_examples' build argument 'cmake_clean_first' from command line to 'False'
[0.243s] Level 5:colcon.colcon_core.verb:set package 'arduinobot_cpp_examples' build argument 'cmake_force_configure' from command line to 'False'
[0.243s] Level 5:colcon.colcon_core.verb:set package 'arduinobot_cpp_examples' build argument 'ament_cmake_args' from command line to 'None'
[0.243s] Level 5:colcon.colcon_core.verb:set package 'arduinobot_cpp_examples' build argument 'catkin_cmake_args' from command line to 'None'
[0.243s] Level 5:colcon.colcon_core.verb:set package 'arduinobot_cpp_examples' build argument 'catkin_skip_building_tests' from command line to 'False'
[0.244s] DEBUG:colcon.colcon_core.verb:Building package 'arduinobot_cpp_examples' with the following arguments: {'ament_cmake_args': None, 'build_base': '/home/ros/arduinobot/build/arduinobot_cpp_examples', 'catkin_cmake_args': None, 'catkin_skip_building_tests': False, 'cmake_args': None, 'cmake_clean_cache': False, 'cmake_clean_first': False, 'cmake_force_configure': False, 'cmake_target': None, 'cmake_target_skip_unavailable': False, 'install_base': '/home/ros/arduinobot/install/arduinobot_cpp_examples', 'merge_install': False, 'path': '/home/ros/arduinobot/src/arduinobot_cpp_examples', 'symlink_install': False, 'test_result_base': None}
[0.244s] Level 5:colcon.colcon_core.verb:set package 'arduinobot_description' build argument 'cmake_args' from command line to 'None'
[0.244s] Level 5:colcon.colcon_core.verb:set package 'arduinobot_description' build argument 'cmake_target' from command line to 'None'
[0.244s] Level 5:colcon.colcon_core.verb:set package 'arduinobot_description' build argument 'cmake_target_skip_unavailable' from command line to 'False'
[0.244s] Level 5:colcon.colcon_core.verb:set package 'arduinobot_description' build argument 'cmake_clean_cache' from command line to 'False'
[0.244s] Level 5:colcon.colcon_core.verb:set package 'arduinobot_description' build argument 'cmake_clean_first' from command line to 'False'
[0.244s] Level 5:colcon.colcon_core.verb:set package 'arduinobot_description' build argument 'cmake_force_configure' from command line to 'False'
[0.244s] Level 5:colcon.colcon_core.verb:set package 'arduinobot_description' build argument 'ament_cmake_args' from command line to 'None'
[0.244s] Level 5:colcon.colcon_core.verb:set package 'arduinobot_description' build argument 'catkin_cmake_args' from command line to 'None'
[0.244s] Level 5:colcon.colcon_core.verb:set package 'arduinobot_description' build argument 'catkin_skip_building_tests' from command line to 'False'
[0.244s] DEBUG:colcon.colcon_core.verb:Building package 'arduinobot_description' with the following arguments: {'ament_cmake_args': None, 'build_base': '/home/ros/arduinobot/build/arduinobot_description', 'catkin_cmake_args': None, 'catkin_skip_building_tests': False, 'cmake_args': None, 'cmake_clean_cache': False, 'cmake_clean_first': False, 'cmake_force_configure': False, 'cmake_target': None, 'cmake_target_skip_unavailable': False, 'install_base': '/home/ros/arduinobot/install/arduinobot_description', 'merge_install': False, 'path': '/home/ros/arduinobot/src/arduinobot_description', 'symlink_install': False, 'test_result_base': None}
[0.244s] Level 5:colcon.colcon_core.verb:set package 'arduinobot_py_examples' build argument 'cmake_args' from command line to 'None'
[0.244s] Level 5:colcon.colcon_core.verb:set package 'arduinobot_py_examples' build argument 'cmake_target' from command line to 'None'
[0.244s] Level 5:colcon.colcon_core.verb:set package 'arduinobot_py_examples' build argument 'cmake_target_skip_unavailable' from command line to 'False'
[0.244s] Level 5:colcon.colcon_core.verb:set package 'arduinobot_py_examples' build argument 'cmake_clean_cache' from command line to 'False'
[0.244s] Level 5:colcon.colcon_core.verb:set package 'arduinobot_py_examples' build argument 'cmake_clean_first' from command line to 'False'
[0.244s] Level 5:colcon.colcon_core.verb:set package 'arduinobot_py_examples' build argument 'cmake_force_configure' from command line to 'False'
[0.244s] Level 5:colcon.colcon_core.verb:set package 'arduinobot_py_examples' build argument 'ament_cmake_args' from command line to 'None'
[0.244s] Level 5:colcon.colcon_core.verb:set package 'arduinobot_py_examples' build argument 'catkin_cmake_args' from command line to 'None'
[0.244s] Level 5:colcon.colcon_core.verb:set package 'arduinobot_py_examples' build argument 'catkin_skip_building_tests' from command line to 'False'
[0.244s] DEBUG:colcon.colcon_core.verb:Building package 'arduinobot_py_examples' with the following arguments: {'ament_cmake_args': None, 'build_base': '/home/ros/arduinobot/build/arduinobot_py_examples', 'catkin_cmake_args': None, 'catkin_skip_building_tests': False, 'cmake_args': None, 'cmake_clean_cache': False, 'cmake_clean_first': False, 'cmake_force_configure': False, 'cmake_target': None, 'cmake_target_skip_unavailable': False, 'install_base': '/home/ros/arduinobot/install/arduinobot_py_examples', 'merge_install': False, 'path': '/home/ros/arduinobot/src/arduinobot_py_examples', 'symlink_install': False, 'test_result_base': None}
[0.244s] INFO:colcon.colcon_core.executor:Executing jobs using 'parallel' executor
[0.245s] DEBUG:colcon.colcon_parallel_executor.executor.parallel:run_until_complete
[0.245s] INFO:colcon.colcon_ros.task.ament_cmake.build:Building ROS package in '/home/ros/arduinobot/src/arduinobot_controller' with build type 'ament_cmake'
[0.245s] INFO:colcon.colcon_cmake.task.cmake.build:Building CMake package in '/home/ros/arduinobot/src/arduinobot_controller'
[0.247s] INFO:colcon.colcon_core.plugin_system:Skipping extension 'colcon_core.shell.bat': Not used on non-Windows systems
[0.247s] INFO:colcon.colcon_core.shell:Skip shell extension 'powershell' for command environment: Not usable outside of PowerShell
[0.247s] DEBUG:colcon.colcon_core.shell:Skip shell extension 'dsv' for command environment
[0.250s] INFO:colcon.colcon_ros.task.ament_cmake.build:Building ROS package in '/home/ros/arduinobot/src/arduinobot_cpp_examples' with build type 'ament_cmake'
[0.250s] INFO:colcon.colcon_cmake.task.cmake.build:Building CMake package in '/home/ros/arduinobot/src/arduinobot_cpp_examples'
[0.250s] INFO:colcon.colcon_core.shell:Skip shell extension 'powershell' for command environment: Not usable outside of PowerShell
[0.250s] DEBUG:colcon.colcon_core.shell:Skip shell extension 'dsv' for command environment
[0.253s] INFO:colcon.colcon_ros.task.ament_cmake.build:Building ROS package in '/home/ros/arduinobot/src/arduinobot_description' with build type 'ament_cmake'
[0.253s] INFO:colcon.colcon_cmake.task.cmake.build:Building CMake package in '/home/ros/arduinobot/src/arduinobot_description'
[0.253s] INFO:colcon.colcon_core.shell:Skip shell extension 'powershell' for command environment: Not usable outside of PowerShell
[0.253s] DEBUG:colcon.colcon_core.shell:Skip shell extension 'dsv' for command environment
[0.256s] INFO:colcon.colcon_ros.task.ament_python.build:Building ROS package in '/home/ros/arduinobot/src/arduinobot_py_examples' with build type 'ament_python'
[0.256s] Level 1:colcon.colcon_core.shell:create_environment_hook('arduinobot_py_examples', 'ament_prefix_path')
[0.256s] INFO:colcon.colcon_core.shell:Creating environment hook '/home/ros/arduinobot/install/arduinobot_py_examples/share/arduinobot_py_examples/hook/ament_prefix_path.ps1'
[0.257s] INFO:colcon.colcon_core.shell:Creating environment descriptor '/home/ros/arduinobot/install/arduinobot_py_examples/share/arduinobot_py_examples/hook/ament_prefix_path.dsv'
[0.257s] INFO:colcon.colcon_core.shell:Creating environment hook '/home/ros/arduinobot/install/arduinobot_py_examples/share/arduinobot_py_examples/hook/ament_prefix_path.sh'
[0.258s] INFO:colcon.colcon_core.shell:Skip shell extension 'powershell' for command environment: Not usable outside of PowerShell
[0.258s] DEBUG:colcon.colcon_core.shell:Skip shell extension 'dsv' for command environment
[0.264s] DEBUG:colcon.colcon_core.event_handler.log_command:Invoking command in '/home/ros/arduinobot/build/arduinobot_controller': CMAKE_PREFIX_PATH=${CMAKE_PREFIX_PATH}:/home/ros/arduinobot/install/arduinobot_py_examples:/opt/ros/iron /usr/bin/cmake /home/ros/arduinobot/src/arduinobot_controller -DCMAKE_INSTALL_PREFIX=/home/ros/arduinobot/install/arduinobot_controller
[0.266s] DEBUG:colcon.colcon_core.event_handler.log_command:Invoking command in '/home/ros/arduinobot/build/arduinobot_cpp_examples': CMAKE_PREFIX_PATH=${CMAKE_PREFIX_PATH}:/home/ros/arduinobot/install/arduinobot_py_examples:/opt/ros/iron /usr/bin/cmake --build /home/ros/arduinobot/build/arduinobot_cpp_examples -- -j8 -l8
[0.274s] DEBUG:colcon.colcon_core.event_handler.log_command:Invoking command in '/home/ros/arduinobot/build/arduinobot_description': CMAKE_PREFIX_PATH=${CMAKE_PREFIX_PATH}:/home/ros/arduinobot/install/arduinobot_py_examples:/opt/ros/iron /usr/bin/cmake --build /home/ros/arduinobot/build/arduinobot_description -- -j8 -l8
[0.459s] INFO:colcon.colcon_core.task.python.build:Building Python package in '/home/ros/arduinobot/src/arduinobot_py_examples'
[0.459s] INFO:colcon.colcon_core.shell:Skip shell extension 'powershell' for command environment: Not usable outside of PowerShell
[0.459s] DEBUG:colcon.colcon_core.shell:Skip shell extension 'dsv' for command environment
[0.464s] DEBUG:colcon.colcon_core.event_handler.log_command:Invoked command in '/home/ros/arduinobot/build/arduinobot_cpp_examples' returned '0': CMAKE_PREFIX_PATH=${CMAKE_PREFIX_PATH}:/home/ros/arduinobot/install/arduinobot_py_examples:/opt/ros/iron /usr/bin/cmake --build /home/ros/arduinobot/build/arduinobot_cpp_examples -- -j8 -l8
[0.466s] DEBUG:colcon.colcon_core.event_handler.log_command:Invoked command in '/home/ros/arduinobot/build/arduinobot_description' returned '0': CMAKE_PREFIX_PATH=${CMAKE_PREFIX_PATH}:/home/ros/arduinobot/install/arduinobot_py_examples:/opt/ros/iron /usr/bin/cmake --build /home/ros/arduinobot/build/arduinobot_description -- -j8 -l8
[0.495s] DEBUG:colcon.colcon_core.event_handler.log_command:Invoking command in '/home/ros/arduinobot/build/arduinobot_cpp_examples': CMAKE_PREFIX_PATH=${CMAKE_PREFIX_PATH}:/home/ros/arduinobot/install/arduinobot_py_examples:/opt/ros/iron /usr/bin/cmake --install /home/ros/arduinobot/build/arduinobot_cpp_examples
[0.498s] DEBUG:colcon.colcon_core.event_handler.log_command:Invoking command in '/home/ros/arduinobot/build/arduinobot_description': CMAKE_PREFIX_PATH=${CMAKE_PREFIX_PATH}:/home/ros/arduinobot/install/arduinobot_py_examples:/opt/ros/iron /usr/bin/cmake --install /home/ros/arduinobot/build/arduinobot_description
[0.505s] Level 1:colcon.colcon_core.environment:create_environment_scripts_only(arduinobot_cpp_examples)
[0.506s] DEBUG:colcon.colcon_core.event_handler.log_command:Invoked command in '/home/ros/arduinobot/build/arduinobot_cpp_examples' returned '0': CMAKE_PREFIX_PATH=${CMAKE_PREFIX_PATH}:/home/ros/arduinobot/install/arduinobot_py_examples:/opt/ros/iron /usr/bin/cmake --install /home/ros/arduinobot/build/arduinobot_cpp_examples
[0.517s] Level 1:colcon.colcon_core.environment:checking '/home/ros/arduinobot/install/arduinobot_cpp_examples' for CMake module files
[0.518s] Level 1:colcon.colcon_core.environment:checking '/home/ros/arduinobot/install/arduinobot_cpp_examples' for CMake config files
[0.518s] Level 1:colcon.colcon_core.shell:create_environment_hook('arduinobot_cpp_examples', 'cmake_prefix_path')
[0.518s] INFO:colcon.colcon_core.shell:Creating environment hook '/home/ros/arduinobot/install/arduinobot_cpp_examples/share/arduinobot_cpp_examples/hook/cmake_prefix_path.ps1'
[0.519s] INFO:colcon.colcon_core.shell:Creating environment descriptor '/home/ros/arduinobot/install/arduinobot_cpp_examples/share/arduinobot_cpp_examples/hook/cmake_prefix_path.dsv'
[0.519s] INFO:colcon.colcon_core.shell:Creating environment hook '/home/ros/arduinobot/install/arduinobot_cpp_examples/share/arduinobot_cpp_examples/hook/cmake_prefix_path.sh'
[0.520s] Level 1:colcon.colcon_core.environment:checking '/home/ros/arduinobot/install/arduinobot_cpp_examples/bin'
[0.520s] Level 1:colcon.colcon_core.environment:checking '/home/ros/arduinobot/install/arduinobot_cpp_examples/lib/pkgconfig/arduinobot_cpp_examples.pc'
[0.520s] Level 1:colcon.colcon_core.environment:checking '/home/ros/arduinobot/install/arduinobot_cpp_examples/lib/python3.10/site-packages'
[0.521s] Level 1:colcon.colcon_core.environment:checking '/home/ros/arduinobot/install/arduinobot_cpp_examples/bin'
[0.521s] INFO:colcon.colcon_core.shell:Creating package script '/home/ros/arduinobot/install/arduinobot_cpp_examples/share/arduinobot_cpp_examples/package.ps1'
[0.522s] INFO:colcon.colcon_core.shell:Creating package descriptor '/home/ros/arduinobot/install/arduinobot_cpp_examples/share/arduinobot_cpp_examples/package.dsv'
[0.522s] INFO:colcon.colcon_core.shell:Creating package script '/home/ros/arduinobot/install/arduinobot_cpp_examples/share/arduinobot_cpp_examples/package.sh'
[0.523s] INFO:colcon.colcon_core.shell:Creating package script '/home/ros/arduinobot/install/arduinobot_cpp_examples/share/arduinobot_cpp_examples/package.bash'
[0.524s] INFO:colcon.colcon_core.shell:Creating package script '/home/ros/arduinobot/install/arduinobot_cpp_examples/share/arduinobot_cpp_examples/package.zsh'
[0.525s] Level 1:colcon.colcon_core.environment:create_file_with_runtime_dependencies(/home/ros/arduinobot/install/arduinobot_cpp_examples/share/colcon-core/packages/arduinobot_cpp_examples)
[0.527s] Level 1:colcon.colcon_core.environment:create_environment_scripts_only(arduinobot_description)
[0.527s] Level 1:colcon.colcon_core.environment:checking '/home/ros/arduinobot/install/arduinobot_description' for CMake module files
[0.528s] DEBUG:colcon.colcon_core.event_handler.log_command:Invoked command in '/home/ros/arduinobot/build/arduinobot_description' returned '0': CMAKE_PREFIX_PATH=${CMAKE_PREFIX_PATH}:/home/ros/arduinobot/install/arduinobot_py_examples:/opt/ros/iron /usr/bin/cmake --install /home/ros/arduinobot/build/arduinobot_description
[0.528s] Level 1:colcon.colcon_core.environment:checking '/home/ros/arduinobot/install/arduinobot_description' for CMake config files
[0.529s] Level 1:colcon.colcon_core.shell:create_environment_hook('arduinobot_description', 'cmake_prefix_path')
[0.529s] INFO:colcon.colcon_core.shell:Creating environment hook '/home/ros/arduinobot/install/arduinobot_description/share/arduinobot_description/hook/cmake_prefix_path.ps1'
[0.530s] INFO:colcon.colcon_core.shell:Creating environment descriptor '/home/ros/arduinobot/install/arduinobot_description/share/arduinobot_description/hook/cmake_prefix_path.dsv'
[0.530s] INFO:colcon.colcon_core.shell:Creating environment hook '/home/ros/arduinobot/install/arduinobot_description/share/arduinobot_description/hook/cmake_prefix_path.sh'
[0.531s] Level 1:colcon.colcon_core.environment:checking '/home/ros/arduinobot/install/arduinobot_description/bin'
[0.531s] Level 1:colcon.colcon_core.environment:checking '/home/ros/arduinobot/install/arduinobot_description/lib/pkgconfig/arduinobot_description.pc'
[0.531s] Level 1:colcon.colcon_core.environment:checking '/home/ros/arduinobot/install/arduinobot_description/lib/python3.10/site-packages'
[0.531s] Level 1:colcon.colcon_core.environment:checking '/home/ros/arduinobot/install/arduinobot_description/bin'
[0.531s] INFO:colcon.colcon_core.shell:Creating package script '/home/ros/arduinobot/install/arduinobot_description/share/arduinobot_description/package.ps1'
[0.532s] INFO:colcon.colcon_core.shell:Creating package descriptor '/home/ros/arduinobot/install/arduinobot_description/share/arduinobot_description/package.dsv'
[0.532s] INFO:colcon.colcon_core.shell:Creating package script '/home/ros/arduinobot/install/arduinobot_description/share/arduinobot_description/package.sh'
[0.533s] INFO:colcon.colcon_core.shell:Creating package script '/home/ros/arduinobot/install/arduinobot_description/share/arduinobot_description/package.bash'
[0.533s] INFO:colcon.colcon_core.shell:Creating package script '/home/ros/arduinobot/install/arduinobot_description/share/arduinobot_description/package.zsh'
[0.534s] Level 1:colcon.colcon_core.environment:create_file_with_runtime_dependencies(/home/ros/arduinobot/install/arduinobot_description/share/colcon-core/packages/arduinobot_description)
[0.549s] Level 1:colcon.colcon_core.environment:create_environment_scripts_only(arduinobot_cpp_examples)
[0.549s] Level 1:colcon.colcon_core.environment:checking '/home/ros/arduinobot/install/arduinobot_cpp_examples' for CMake module files
[0.550s] Level 1:colcon.colcon_core.environment:checking '/home/ros/arduinobot/install/arduinobot_cpp_examples' for CMake config files
[0.550s] Level 1:colcon.colcon_core.shell:create_environment_hook('arduinobot_cpp_examples', 'cmake_prefix_path')
[0.550s] INFO:colcon.colcon_core.shell:Creating environment hook '/home/ros/arduinobot/install/arduinobot_cpp_examples/share/arduinobot_cpp_examples/hook/cmake_prefix_path.ps1'
[0.551s] INFO:colcon.colcon_core.shell:Creating environment descriptor '/home/ros/arduinobot/install/arduinobot_cpp_examples/share/arduinobot_cpp_examples/hook/cmake_prefix_path.dsv'
[0.551s] INFO:colcon.colcon_core.shell:Creating environment hook '/home/ros/arduinobot/install/arduinobot_cpp_examples/share/arduinobot_cpp_examples/hook/cmake_prefix_path.sh'
[0.552s] Level 1:colcon.colcon_core.environment:checking '/home/ros/arduinobot/install/arduinobot_cpp_examples/bin'
[0.552s] Level 1:colcon.colcon_core.environment:checking '/home/ros/arduinobot/install/arduinobot_cpp_examples/lib/pkgconfig/arduinobot_cpp_examples.pc'
[0.552s] Level 1:colcon.colcon_core.environment:checking '/home/ros/arduinobot/install/arduinobot_cpp_examples/lib/python3.10/site-packages'
[0.552s] Level 1:colcon.colcon_core.environment:checking '/home/ros/arduinobot/install/arduinobot_cpp_examples/bin'
[0.552s] INFO:colcon.colcon_core.shell:Creating package script '/home/ros/arduinobot/install/arduinobot_cpp_examples/share/arduinobot_cpp_examples/package.ps1'
[0.553s] INFO:colcon.colcon_core.shell:Creating package descriptor '/home/ros/arduinobot/install/arduinobot_cpp_examples/share/arduinobot_cpp_examples/package.dsv'
[0.553s] INFO:colcon.colcon_core.shell:Creating package script '/home/ros/arduinobot/install/arduinobot_cpp_examples/share/arduinobot_cpp_examples/package.sh'
[0.554s] INFO:colcon.colcon_core.shell:Creating package script '/home/ros/arduinobot/install/arduinobot_cpp_examples/share/arduinobot_cpp_examples/package.bash'
[0.555s] INFO:colcon.colcon_core.shell:Creating package script '/home/ros/arduinobot/install/arduinobot_cpp_examples/share/arduinobot_cpp_examples/package.zsh'
[0.555s] Level 1:colcon.colcon_core.environment:create_file_with_runtime_dependencies(/home/ros/arduinobot/install/arduinobot_cpp_examples/share/colcon-core/packages/arduinobot_cpp_examples)
[0.572s] Level 1:colcon.colcon_core.environment:create_environment_scripts_only(arduinobot_description)
[0.572s] Level 1:colcon.colcon_core.environment:checking '/home/ros/arduinobot/install/arduinobot_description' for CMake module files
[0.572s] Level 1:colcon.colcon_core.environment:checking '/home/ros/arduinobot/install/arduinobot_description' for CMake config files
[0.573s] Level 1:colcon.colcon_core.shell:create_environment_hook('arduinobot_description', 'cmake_prefix_path')
[0.573s] INFO:colcon.colcon_core.shell:Creating environment hook '/home/ros/arduinobot/install/arduinobot_description/share/arduinobot_description/hook/cmake_prefix_path.ps1'
[0.573s] INFO:colcon.colcon_core.shell:Creating environment descriptor '/home/ros/arduinobot/install/arduinobot_description/share/arduinobot_description/hook/cmake_prefix_path.dsv'
[0.573s] INFO:colcon.colcon_core.shell:Creating environment hook '/home/ros/arduinobot/install/arduinobot_description/share/arduinobot_description/hook/cmake_prefix_path.sh'
[0.574s] Level 1:colcon.colcon_core.environment:checking '/home/ros/arduinobot/install/arduinobot_description/bin'
[0.574s] Level 1:colcon.colcon_core.environment:checking '/home/ros/arduinobot/install/arduinobot_description/lib/pkgconfig/arduinobot_description.pc'
[0.574s] Level 1:colcon.colcon_core.environment:checking '/home/ros/arduinobot/install/arduinobot_description/lib/python3.10/site-packages'
[0.574s] Level 1:colcon.colcon_core.environment:checking '/home/ros/arduinobot/install/arduinobot_description/bin'
[0.574s] INFO:colcon.colcon_core.shell:Creating package script '/home/ros/arduinobot/install/arduinobot_description/share/arduinobot_description/package.ps1'
[0.575s] INFO:colcon.colcon_core.shell:Creating package descriptor '/home/ros/arduinobot/install/arduinobot_description/share/arduinobot_description/package.dsv'
[0.575s] INFO:colcon.colcon_core.shell:Creating package script '/home/ros/arduinobot/install/arduinobot_description/share/arduinobot_description/package.sh'
[0.575s] INFO:colcon.colcon_core.shell:Creating package script '/home/ros/arduinobot/install/arduinobot_description/share/arduinobot_description/package.bash'
[0.576s] INFO:colcon.colcon_core.shell:Creating package script '/home/ros/arduinobot/install/arduinobot_description/share/arduinobot_description/package.zsh'
[0.576s] Level 1:colcon.colcon_core.environment:create_file_with_runtime_dependencies(/home/ros/arduinobot/install/arduinobot_description/share/colcon-core/packages/arduinobot_description)
[0.734s] DEBUG:colcon.colcon_core.event_handler.log_command:Invoking command in '/home/ros/arduinobot/src/arduinobot_py_examples': PYTHONPATH=/home/ros/arduinobot/build/arduinobot_py_examples/prefix_override:/home/ros/arduinobot/install/arduinobot_py_examples/lib/python3.10/site-packages:${PYTHONPATH} /usr/bin/python3 -W ignore:setup.py install is deprecated setup.py egg_info --egg-base ../../build/arduinobot_py_examples build --build-base /home/ros/arduinobot/build/arduinobot_py_examples/build install --record /home/ros/arduinobot/build/arduinobot_py_examples/install.log --single-version-externally-managed install_data
[0.828s] DEBUG:colcon.colcon_core.event_handler.log_command:Invoked command in '/home/ros/arduinobot/build/arduinobot_controller' returned '0': CMAKE_PREFIX_PATH=${CMAKE_PREFIX_PATH}:/home/ros/arduinobot/install/arduinobot_py_examples:/opt/ros/iron /usr/bin/cmake /home/ros/arduinobot/src/arduinobot_controller -DCMAKE_INSTALL_PREFIX=/home/ros/arduinobot/install/arduinobot_controller
[0.829s] DEBUG:colcon.colcon_core.event_handler.log_command:Invoking command in '/home/ros/arduinobot/build/arduinobot_controller': CMAKE_PREFIX_PATH=${CMAKE_PREFIX_PATH}:/home/ros/arduinobot/install/arduinobot_py_examples:/opt/ros/iron /usr/bin/cmake --build /home/ros/arduinobot/build/arduinobot_controller -- -j8 -l8
[0.861s] DEBUG:colcon.colcon_core.event_handler.log_command:Invoked command in '/home/ros/arduinobot/build/arduinobot_controller' returned '0': CMAKE_PREFIX_PATH=${CMAKE_PREFIX_PATH}:/home/ros/arduinobot/install/arduinobot_py_examples:/opt/ros/iron /usr/bin/cmake --build /home/ros/arduinobot/build/arduinobot_controller -- -j8 -l8
[0.885s] DEBUG:colcon.colcon_core.event_handler.log_command:Invoking command in '/home/ros/arduinobot/build/arduinobot_controller': CMAKE_PREFIX_PATH=${CMAKE_PREFIX_PATH}:/home/ros/arduinobot/install/arduinobot_py_examples:/opt/ros/iron /usr/bin/cmake --install /home/ros/arduinobot/build/arduinobot_controller
[0.897s] Level 1:colcon.colcon_core.environment:create_environment_scripts_only(arduinobot_controller)
[0.897s] Level 1:colcon.colcon_core.environment:checking '/home/ros/arduinobot/install/arduinobot_controller' for CMake module files
[0.898s] DEBUG:colcon.colcon_core.event_handler.log_command:Invoked command in '/home/ros/arduinobot/build/arduinobot_controller' returned '0': CMAKE_PREFIX_PATH=${CMAKE_PREFIX_PATH}:/home/ros/arduinobot/install/arduinobot_py_examples:/opt/ros/iron /usr/bin/cmake --install /home/ros/arduinobot/build/arduinobot_controller
[0.898s] Level 1:colcon.colcon_core.environment:checking '/home/ros/arduinobot/install/arduinobot_controller' for CMake config files
[0.898s] Level 1:colcon.colcon_core.shell:create_environment_hook('arduinobot_controller', 'cmake_prefix_path')
[0.899s] INFO:colcon.colcon_core.shell:Creating environment hook '/home/ros/arduinobot/install/arduinobot_controller/share/arduinobot_controller/hook/cmake_prefix_path.ps1'
[0.899s] INFO:colcon.colcon_core.shell:Creating environment descriptor '/home/ros/arduinobot/install/arduinobot_controller/share/arduinobot_controller/hook/cmake_prefix_path.dsv'
[0.899s] INFO:colcon.colcon_core.shell:Creating environment hook '/home/ros/arduinobot/install/arduinobot_controller/share/arduinobot_controller/hook/cmake_prefix_path.sh'
[0.900s] Level 1:colcon.colcon_core.environment:checking '/home/ros/arduinobot/install/arduinobot_controller/bin'
[0.900s] Level 1:colcon.colcon_core.environment:checking '/home/ros/arduinobot/install/arduinobot_controller/lib/pkgconfig/arduinobot_controller.pc'
[0.900s] Level 1:colcon.colcon_core.environment:checking '/home/ros/arduinobot/install/arduinobot_controller/lib/python3.10/site-packages'
[0.900s] Level 1:colcon.colcon_core.environment:checking '/home/ros/arduinobot/install/arduinobot_controller/bin'
[0.901s] INFO:colcon.colcon_core.shell:Creating package script '/home/ros/arduinobot/install/arduinobot_controller/share/arduinobot_controller/package.ps1'
[0.901s] INFO:colcon.colcon_core.shell:Creating package descriptor '/home/ros/arduinobot/install/arduinobot_controller/share/arduinobot_controller/package.dsv'
[0.901s] INFO:colcon.colcon_core.shell:Creating package script '/home/ros/arduinobot/install/arduinobot_controller/share/arduinobot_controller/package.sh'
[0.902s] INFO:colcon.colcon_core.shell:Creating package script '/home/ros/arduinobot/install/arduinobot_controller/share/arduinobot_controller/package.bash'
[0.902s] INFO:colcon.colcon_core.shell:Creating package script '/home/ros/arduinobot/install/arduinobot_controller/share/arduinobot_controller/package.zsh'
[0.902s] Level 1:colcon.colcon_core.environment:create_file_with_runtime_dependencies(/home/ros/arduinobot/install/arduinobot_controller/share/colcon-core/packages/arduinobot_controller)
[0.926s] Level 1:colcon.colcon_core.environment:create_environment_scripts_only(arduinobot_controller)
[0.926s] Level 1:colcon.colcon_core.environment:checking '/home/ros/arduinobot/install/arduinobot_controller' for CMake module files
[0.926s] Level 1:colcon.colcon_core.environment:checking '/home/ros/arduinobot/install/arduinobot_controller' for CMake config files
[0.927s] Level 1:colcon.colcon_core.shell:create_environment_hook('arduinobot_controller', 'cmake_prefix_path')
[0.927s] INFO:colcon.colcon_core.shell:Creating environment hook '/home/ros/arduinobot/install/arduinobot_controller/share/arduinobot_controller/hook/cmake_prefix_path.ps1'
[0.927s] INFO:colcon.colcon_core.shell:Creating environment descriptor '/home/ros/arduinobot/install/arduinobot_controller/share/arduinobot_controller/hook/cmake_prefix_path.dsv'
[0.927s] INFO:colcon.colcon_core.shell:Creating environment hook '/home/ros/arduinobot/install/arduinobot_controller/share/arduinobot_controller/hook/cmake_prefix_path.sh'
[0.928s] Level 1:colcon.colcon_core.environment:checking '/home/ros/arduinobot/install/arduinobot_controller/bin'
[0.928s] Level 1:colcon.colcon_core.environment:checking '/home/ros/arduinobot/install/arduinobot_controller/lib/pkgconfig/arduinobot_controller.pc'
[0.928s] Level 1:colcon.colcon_core.environment:checking '/home/ros/arduinobot/install/arduinobot_controller/lib/python3.10/site-packages'
[0.928s] Level 1:colcon.colcon_core.environment:checking '/home/ros/arduinobot/install/arduinobot_controller/bin'
[0.928s] INFO:colcon.colcon_core.shell:Creating package script '/home/ros/arduinobot/install/arduinobot_controller/share/arduinobot_controller/package.ps1'
[0.929s] INFO:colcon.colcon_core.shell:Creating package descriptor '/home/ros/arduinobot/install/arduinobot_controller/share/arduinobot_controller/package.dsv'
[0.929s] INFO:colcon.colcon_core.shell:Creating package script '/home/ros/arduinobot/install/arduinobot_controller/share/arduinobot_controller/package.sh'
[0.930s] INFO:colcon.colcon_core.shell:Creating package script '/home/ros/arduinobot/install/arduinobot_controller/share/arduinobot_controller/package.bash'
[0.930s] INFO:colcon.colcon_core.shell:Creating package script '/home/ros/arduinobot/install/arduinobot_controller/share/arduinobot_controller/package.zsh'
[0.931s] Level 1:colcon.colcon_core.environment:create_file_with_runtime_dependencies(/home/ros/arduinobot/install/arduinobot_controller/share/colcon-core/packages/arduinobot_controller)
[0.945s] Level 1:colcon.colcon_core.environment:checking '/home/ros/arduinobot/install/arduinobot_py_examples' for CMake module files
[0.945s] DEBUG:colcon.colcon_core.event_handler.log_command:Invoked command in '/home/ros/arduinobot/src/arduinobot_py_examples' returned '0': PYTHONPATH=/home/ros/arduinobot/build/arduinobot_py_examples/prefix_override:/home/ros/arduinobot/install/arduinobot_py_examples/lib/python3.10/site-packages:${PYTHONPATH} /usr/bin/python3 -W ignore:setup.py install is deprecated setup.py egg_info --egg-base ../../build/arduinobot_py_examples build --build-base /home/ros/arduinobot/build/arduinobot_py_examples/build install --record /home/ros/arduinobot/build/arduinobot_py_examples/install.log --single-version-externally-managed install_data
[0.946s] Level 1:colcon.colcon_core.environment:checking '/home/ros/arduinobot/install/arduinobot_py_examples' for CMake config files
[0.946s] Level 1:colcon.colcon_core.environment:checking '/home/ros/arduinobot/install/arduinobot_py_examples/lib'
[0.946s] Level 1:colcon.colcon_core.environment:checking '/home/ros/arduinobot/install/arduinobot_py_examples/bin'
[0.946s] Level 1:colcon.colcon_core.environment:checking '/home/ros/arduinobot/install/arduinobot_py_examples/lib/pkgconfig/arduinobot_py_examples.pc'
[0.947s] Level 1:colcon.colcon_core.environment:checking '/home/ros/arduinobot/install/arduinobot_py_examples/lib/python3.10/site-packages'
[0.947s] Level 1:colcon.colcon_core.shell:create_environment_hook('arduinobot_py_examples', 'pythonpath')
[0.947s] INFO:colcon.colcon_core.shell:Creating environment hook '/home/ros/arduinobot/install/arduinobot_py_examples/share/arduinobot_py_examples/hook/pythonpath.ps1'
[0.947s] INFO:colcon.colcon_core.shell:Creating environment descriptor '/home/ros/arduinobot/install/arduinobot_py_examples/share/arduinobot_py_examples/hook/pythonpath.dsv'
[0.947s] INFO:colcon.colcon_core.shell:Creating environment hook '/home/ros/arduinobot/install/arduinobot_py_examples/share/arduinobot_py_examples/hook/pythonpath.sh'
[0.948s] Level 1:colcon.colcon_core.environment:checking '/home/ros/arduinobot/install/arduinobot_py_examples/bin'
[0.948s] Level 1:colcon.colcon_core.environment:create_environment_scripts_only(arduinobot_py_examples)
[0.948s] INFO:colcon.colcon_core.shell:Creating package script '/home/ros/arduinobot/install/arduinobot_py_examples/share/arduinobot_py_examples/package.ps1'
[0.948s] INFO:colcon.colcon_core.shell:Creating package descriptor '/home/ros/arduinobot/install/arduinobot_py_examples/share/arduinobot_py_examples/package.dsv'
[0.949s] INFO:colcon.colcon_core.shell:Creating package script '/home/ros/arduinobot/install/arduinobot_py_examples/share/arduinobot_py_examples/package.sh'
[0.949s] INFO:colcon.colcon_core.shell:Creating package script '/home/ros/arduinobot/install/arduinobot_py_examples/share/arduinobot_py_examples/package.bash'
[0.949s] INFO:colcon.colcon_core.shell:Creating package script '/home/ros/arduinobot/install/arduinobot_py_examples/share/arduinobot_py_examples/package.zsh'
[0.949s] Level 1:colcon.colcon_core.environment:create_file_with_runtime_dependencies(/home/ros/arduinobot/install/arduinobot_py_examples/share/colcon-core/packages/arduinobot_py_examples)
[0.949s] DEBUG:colcon.colcon_parallel_executor.executor.parallel:closing loop
[0.949s] DEBUG:colcon.colcon_parallel_executor.executor.parallel:loop closed
[0.949s] DEBUG:colcon.colcon_parallel_executor.executor.parallel:run_until_complete finished with '0'
[0.949s] DEBUG:colcon.colcon_core.event_reactor:joining thread
[0.956s] INFO:colcon.colcon_core.plugin_system:Skipping extension 'colcon_notification.desktop_notification.terminal_notifier': Not used on non-Darwin systems
[0.956s] INFO:colcon.colcon_core.plugin_system:Skipping extension 'colcon_notification.desktop_notification.win32': Not used on non-Windows systems
[0.956s] INFO:colcon.colcon_notification.desktop_notification:Sending desktop notification using 'notify2'
[0.970s] DEBUG:colcon.colcon_core.event_reactor:joined thread
[0.971s] INFO:colcon.colcon_core.shell:Creating prefix script '/home/ros/arduinobot/install/local_setup.ps1'
[0.972s] INFO:colcon.colcon_core.shell:Creating prefix util module '/home/ros/arduinobot/install/_local_setup_util_ps1.py'
[0.977s] INFO:colcon.colcon_core.shell:Creating prefix chain script '/home/ros/arduinobot/install/setup.ps1'
[0.978s] INFO:colcon.colcon_core.shell:Creating prefix script '/home/ros/arduinobot/install/local_setup.sh'
[0.979s] INFO:colcon.colcon_core.shell:Creating prefix util module '/home/ros/arduinobot/install/_local_setup_util_sh.py'
[0.979s] INFO:colcon.colcon_core.shell:Creating prefix chain script '/home/ros/arduinobot/install/setup.sh'
[0.980s] INFO:colcon.colcon_core.shell:Creating prefix script '/home/ros/arduinobot/install/local_setup.bash'
[0.980s] INFO:colcon.colcon_core.shell:Creating prefix chain script '/home/ros/arduinobot/install/setup.bash'
[0.982s] INFO:colcon.colcon_core.shell:Creating prefix script '/home/ros/arduinobot/install/local_setup.zsh'
[0.982s] INFO:colcon.colcon_core.shell:Creating prefix chain script '/home/ros/arduinobot/install/setup.zsh'
