[0.012s] Invoking command in '/home/ros/arduinobot/build/arduinobot_description': CMAKE_PREFIX_PATH=${CMAKE_PREFIX_PATH}:/home/ros/arduinobot/install/arduinobot_py_examples:/opt/ros/iron /usr/bin/cmake /home/ros/arduinobot/src/arduinobot_description -DCMAKE_INSTALL_PREFIX=/home/ros/arduinobot/install/arduinobot_description
[0.065s] -- The C compiler identification is GNU 11.4.0
[0.110s] -- The CXX compiler identification is GNU 11.4.0
[0.118s] -- Detecting C compiler ABI info
[0.188s] -- Detecting C compiler ABI info - done
[0.193s] -- Check for working C compiler: /usr/bin/cc - skipped
[0.194s] -- Detecting C compile features
[0.194s] -- Detecting C compile features - done
[0.196s] -- Detecting CXX compiler ABI info
[0.268s] -- Detecting CXX compiler ABI info - done
[0.273s] -- Check for working CXX compiler: /usr/bin/c++ - skipped
[0.273s] -- Detecting CXX compile features
[0.273s] -- Detecting CXX compile features - done
[0.275s] -- Found ament_cmake: 2.0.5 (/opt/ros/iron/share/ament_cmake/cmake)
[0.414s] -- Found Python3: /usr/bin/python3.10 (found version "3.10.12") found components: Interpreter 
[0.477s] -- Found ament_lint_auto: 0.14.3 (/opt/ros/iron/share/ament_lint_auto/cmake)
[0.542s] -- Added test 'lint_cmake' to check CMake code style
[0.542s] -- Added test 'xmllint' to check XML markup files
[0.543s] -- Configuring done
[0.545s] -- Generating done
[0.546s] -- Build files have been written to: /home/ros/arduinobot/build/arduinobot_description
[0.550s] Invoked command in '/home/ros/arduinobot/build/arduinobot_description' returned '0': CMAKE_PREFIX_PATH=${CMAKE_PREFIX_PATH}:/home/ros/arduinobot/install/arduinobot_py_examples:/opt/ros/iron /usr/bin/cmake /home/ros/arduinobot/src/arduinobot_description -DCMAKE_INSTALL_PREFIX=/home/ros/arduinobot/install/arduinobot_description
[0.550s] Invoking command in '/home/ros/arduinobot/build/arduinobot_description': CMAKE_PREFIX_PATH=${CMAKE_PREFIX_PATH}:/home/ros/arduinobot/install/arduinobot_py_examples:/opt/ros/iron /usr/bin/cmake --build /home/ros/arduinobot/build/arduinobot_description -- -j8 -l8
[0.583s] Invoked command in '/home/ros/arduinobot/build/arduinobot_description' returned '0': CMAKE_PREFIX_PATH=${CMAKE_PREFIX_PATH}:/home/ros/arduinobot/install/arduinobot_py_examples:/opt/ros/iron /usr/bin/cmake --build /home/ros/arduinobot/build/arduinobot_description -- -j8 -l8
[0.604s] Invoking command in '/home/ros/arduinobot/build/arduinobot_description': CMAKE_PREFIX_PATH=${CMAKE_PREFIX_PATH}:/home/ros/arduinobot/install/arduinobot_py_examples:/opt/ros/iron /usr/bin/cmake --install /home/ros/arduinobot/build/arduinobot_description
[0.609s] -- Install configuration: ""
[0.610s] -- Installing: /home/ros/arduinobot/install/arduinobot_description/share/ament_index/resource_index/package_run_dependencies/arduinobot_description
[0.610s] -- Installing: /home/ros/arduinobot/install/arduinobot_description/share/ament_index/resource_index/parent_prefix_path/arduinobot_description
[0.610s] -- Installing: /home/ros/arduinobot/install/arduinobot_description/share/arduinobot_description/environment/ament_prefix_path.sh
[0.610s] -- Installing: /home/ros/arduinobot/install/arduinobot_description/share/arduinobot_description/environment/ament_prefix_path.dsv
[0.610s] -- Installing: /home/ros/arduinobot/install/arduinobot_description/share/arduinobot_description/environment/path.sh
[0.610s] -- Installing: /home/ros/arduinobot/install/arduinobot_description/share/arduinobot_description/environment/path.dsv
[0.610s] -- Installing: /home/ros/arduinobot/install/arduinobot_description/share/arduinobot_description/local_setup.bash
[0.610s] -- Installing: /home/ros/arduinobot/install/arduinobot_description/share/arduinobot_description/local_setup.sh
[0.610s] -- Installing: /home/ros/arduinobot/install/arduinobot_description/share/arduinobot_description/local_setup.zsh
[0.611s] -- Installing: /home/ros/arduinobot/install/arduinobot_description/share/arduinobot_description/local_setup.dsv
[0.611s] -- Installing: /home/ros/arduinobot/install/arduinobot_description/share/arduinobot_description/package.dsv
[0.611s] -- Installing: /home/ros/arduinobot/install/arduinobot_description/share/ament_index/resource_index/packages/arduinobot_description
[0.611s] -- Installing: /home/ros/arduinobot/install/arduinobot_description/share/arduinobot_description/cmake/arduinobot_descriptionConfig.cmake
[0.611s] -- Installing: /home/ros/arduinobot/install/arduinobot_description/share/arduinobot_description/cmake/arduinobot_descriptionConfig-version.cmake
[0.611s] -- Installing: /home/ros/arduinobot/install/arduinobot_description/share/arduinobot_description/package.xml
[0.612s] Invoked command in '/home/ros/arduinobot/build/arduinobot_description' returned '0': CMAKE_PREFIX_PATH=${CMAKE_PREFIX_PATH}:/home/ros/arduinobot/install/arduinobot_py_examples:/opt/ros/iron /usr/bin/cmake --install /home/ros/arduinobot/build/arduinobot_description
