[0.018s] Invoking command in '/home/ros/arduinobot/build/arduinobot_controller': CMAKE_PREFIX_PATH=${CMAKE_PREFIX_PATH}:/home/ros/arduinobot/install/arduinobot_py_examples:/opt/ros/iron /usr/bin/cmake /home/ros/arduinobot/src/arduinobot_controller -DCMAKE_INSTALL_PREFIX=/home/ros/arduinobot/install/arduinobot_controller
[0.088s] -- The C compiler identification is GNU 11.4.0
[0.137s] -- The CXX compiler identification is GNU 11.4.0
[0.141s] -- Detecting C compiler ABI info
[0.208s] -- Detecting C compiler ABI info - done
[0.217s] -- Check for working C compiler: /usr/bin/cc - skipped
[0.217s] -- Detecting C compile features
[0.217s] -- Detecting C compile features - done
[0.221s] -- Detecting CXX compiler ABI info
[0.294s] -- Detecting CXX compiler ABI info - done
[0.299s] -- Check for working CXX compiler: /usr/bin/c++ - skipped
[0.299s] -- Detecting CXX compile features
[0.299s] -- Detecting CXX compile features - done
[0.311s] -- Found ament_cmake: 2.0.5 (/opt/ros/iron/share/ament_cmake/cmake)
[0.448s] -- Found Python3: /usr/bin/python3.10 (found version "3.10.12") found components: Interpreter 
[0.514s] -- Found ament_lint_auto: 0.14.3 (/opt/ros/iron/share/ament_lint_auto/cmake)
[0.574s] -- Added test 'lint_cmake' to check CMake code style
[0.575s] -- Added test 'xmllint' to check XML markup files
[0.576s] -- Configuring done
[0.578s] -- Generating done
[0.578s] -- Build files have been written to: /home/ros/arduinobot/build/arduinobot_controller
[0.582s] Invoked command in '/home/ros/arduinobot/build/arduinobot_controller' returned '0': CMAKE_PREFIX_PATH=${CMAKE_PREFIX_PATH}:/home/ros/arduinobot/install/arduinobot_py_examples:/opt/ros/iron /usr/bin/cmake /home/ros/arduinobot/src/arduinobot_controller -DCMAKE_INSTALL_PREFIX=/home/ros/arduinobot/install/arduinobot_controller
[0.583s] Invoking command in '/home/ros/arduinobot/build/arduinobot_controller': CMAKE_PREFIX_PATH=${CMAKE_PREFIX_PATH}:/home/ros/arduinobot/install/arduinobot_py_examples:/opt/ros/iron /usr/bin/cmake --build /home/ros/arduinobot/build/arduinobot_controller -- -j8 -l8
[0.616s] Invoked command in '/home/ros/arduinobot/build/arduinobot_controller' returned '0': CMAKE_PREFIX_PATH=${CMAKE_PREFIX_PATH}:/home/ros/arduinobot/install/arduinobot_py_examples:/opt/ros/iron /usr/bin/cmake --build /home/ros/arduinobot/build/arduinobot_controller -- -j8 -l8
[0.639s] Invoking command in '/home/ros/arduinobot/build/arduinobot_controller': CMAKE_PREFIX_PATH=${CMAKE_PREFIX_PATH}:/home/ros/arduinobot/install/arduinobot_py_examples:/opt/ros/iron /usr/bin/cmake --install /home/ros/arduinobot/build/arduinobot_controller
[0.648s] -- Install configuration: ""
[0.648s] -- Installing: /home/ros/arduinobot/install/arduinobot_controller/share/ament_index/resource_index/package_run_dependencies/arduinobot_controller
[0.648s] -- Installing: /home/ros/arduinobot/install/arduinobot_controller/share/ament_index/resource_index/parent_prefix_path/arduinobot_controller
[0.648s] -- Installing: /home/ros/arduinobot/install/arduinobot_controller/share/arduinobot_controller/environment/ament_prefix_path.sh
[0.648s] -- Installing: /home/ros/arduinobot/install/arduinobot_controller/share/arduinobot_controller/environment/ament_prefix_path.dsv
[0.648s] -- Installing: /home/ros/arduinobot/install/arduinobot_controller/share/arduinobot_controller/environment/path.sh
[0.648s] -- Installing: /home/ros/arduinobot/install/arduinobot_controller/share/arduinobot_controller/environment/path.dsv
[0.649s] -- Installing: /home/ros/arduinobot/install/arduinobot_controller/share/arduinobot_controller/local_setup.bash
[0.649s] -- Installing: /home/ros/arduinobot/install/arduinobot_controller/share/arduinobot_controller/local_setup.sh
[0.649s] -- Installing: /home/ros/arduinobot/install/arduinobot_controller/share/arduinobot_controller/local_setup.zsh
[0.649s] -- Installing: /home/ros/arduinobot/install/arduinobot_controller/share/arduinobot_controller/local_setup.dsv
[0.649s] -- Installing: /home/ros/arduinobot/install/arduinobot_controller/share/arduinobot_controller/package.dsv
[0.649s] -- Installing: /home/ros/arduinobot/install/arduinobot_controller/share/ament_index/resource_index/packages/arduinobot_controller
[0.649s] -- Installing: /home/ros/arduinobot/install/arduinobot_controller/share/arduinobot_controller/cmake/arduinobot_controllerConfig.cmake
[0.649s] -- Installing: /home/ros/arduinobot/install/arduinobot_controller/share/arduinobot_controller/cmake/arduinobot_controllerConfig-version.cmake
[0.650s] -- Installing: /home/ros/arduinobot/install/arduinobot_controller/share/arduinobot_controller/package.xml
[0.652s] Invoked command in '/home/ros/arduinobot/build/arduinobot_controller' returned '0': CMAKE_PREFIX_PATH=${CMAKE_PREFIX_PATH}:/home/ros/arduinobot/install/arduinobot_py_examples:/opt/ros/iron /usr/bin/cmake --install /home/ros/arduinobot/build/arduinobot_controller
