[0.015s] Invoking command in '/home/ros/arduinobot/build/arduinobot_cpp_examples': CMAKE_PREFIX_PATH=/opt/ros/iron /usr/bin/cmake /home/ros/arduinobot/src/arduinobot_cpp_examples -DCMAKE_INSTALL_PREFIX=/home/ros/arduinobot/install/arduinobot_cpp_examples
[0.144s] -- The C compiler identification is GNU 11.4.0
[0.228s] -- The CXX compiler identification is GNU 11.4.0
[0.245s] -- Detecting C compiler ABI info
[0.322s] -- Detecting C compiler ABI info - done
[0.326s] -- Check for working C compiler: /usr/bin/cc - skipped
[0.327s] -- Detecting C compile features
[0.329s] -- Detecting C compile features - done
[0.333s] -- Detecting CXX compiler ABI info
[0.400s] -- Detecting CXX compiler ABI info - done
[0.405s] -- Check for working CXX compiler: /usr/bin/c++ - skipped
[0.405s] -- Detecting CXX compile features
[0.405s] -- Detecting CXX compile features - done
[0.411s] -- Found ament_cmake: 2.0.5 (/opt/ros/iron/share/ament_cmake/cmake)
[0.558s] -- Found Python3: /usr/bin/python3.10 (found version "3.10.12") found components: Interpreter 
[0.652s] -- Found ament_lint_auto: 0.14.3 (/opt/ros/iron/share/ament_lint_auto/cmake)
[0.715s] -- Added test 'lint_cmake' to check CMake code style
[0.717s] -- Added test 'xmllint' to check XML markup files
[0.718s] -- Configuring done
[0.720s] -- Generating done
[0.720s] -- Build files have been written to: /home/ros/arduinobot/build/arduinobot_cpp_examples
[0.725s] Invoked command in '/home/ros/arduinobot/build/arduinobot_cpp_examples' returned '0': CMAKE_PREFIX_PATH=/opt/ros/iron /usr/bin/cmake /home/ros/arduinobot/src/arduinobot_cpp_examples -DCMAKE_INSTALL_PREFIX=/home/ros/arduinobot/install/arduinobot_cpp_examples
[0.725s] Invoking command in '/home/ros/arduinobot/build/arduinobot_cpp_examples': CMAKE_PREFIX_PATH=/opt/ros/iron /usr/bin/cmake --build /home/ros/arduinobot/build/arduinobot_cpp_examples -- -j8 -l8
[0.764s] Invoked command in '/home/ros/arduinobot/build/arduinobot_cpp_examples' returned '0': CMAKE_PREFIX_PATH=/opt/ros/iron /usr/bin/cmake --build /home/ros/arduinobot/build/arduinobot_cpp_examples -- -j8 -l8
[0.796s] Invoking command in '/home/ros/arduinobot/build/arduinobot_cpp_examples': CMAKE_PREFIX_PATH=/opt/ros/iron /usr/bin/cmake --install /home/ros/arduinobot/build/arduinobot_cpp_examples
[0.803s] -- Install configuration: ""
[0.804s] -- Installing: /home/ros/arduinobot/install/arduinobot_cpp_examples/share/ament_index/resource_index/package_run_dependencies/arduinobot_cpp_examples
[0.804s] -- Installing: /home/ros/arduinobot/install/arduinobot_cpp_examples/share/ament_index/resource_index/parent_prefix_path/arduinobot_cpp_examples
[0.804s] -- Installing: /home/ros/arduinobot/install/arduinobot_cpp_examples/share/arduinobot_cpp_examples/environment/ament_prefix_path.sh
[0.804s] -- Installing: /home/ros/arduinobot/install/arduinobot_cpp_examples/share/arduinobot_cpp_examples/environment/ament_prefix_path.dsv
[0.804s] -- Installing: /home/ros/arduinobot/install/arduinobot_cpp_examples/share/arduinobot_cpp_examples/environment/path.sh
[0.804s] -- Installing: /home/ros/arduinobot/install/arduinobot_cpp_examples/share/arduinobot_cpp_examples/environment/path.dsv
[0.804s] -- Installing: /home/ros/arduinobot/install/arduinobot_cpp_examples/share/arduinobot_cpp_examples/local_setup.bash
[0.805s] -- Installing: /home/ros/arduinobot/install/arduinobot_cpp_examples/share/arduinobot_cpp_examples/local_setup.sh
[0.805s] -- Installing: /home/ros/arduinobot/install/arduinobot_cpp_examples/share/arduinobot_cpp_examples/local_setup.zsh
[0.805s] -- Installing: /home/ros/arduinobot/install/arduinobot_cpp_examples/share/arduinobot_cpp_examples/local_setup.dsv
[0.805s] -- Installing: /home/ros/arduinobot/install/arduinobot_cpp_examples/share/arduinobot_cpp_examples/package.dsv
[0.805s] -- Installing: /home/ros/arduinobot/install/arduinobot_cpp_examples/share/ament_index/resource_index/packages/arduinobot_cpp_examples
[0.806s] -- Installing: /home/ros/arduinobot/install/arduinobot_cpp_examples/share/arduinobot_cpp_examples/cmake/arduinobot_cpp_examplesConfig.cmake
[0.806s] -- Installing: /home/ros/arduinobot/install/arduinobot_cpp_examples/share/arduinobot_cpp_examples/cmake/arduinobot_cpp_examplesConfig-version.cmake
[0.806s] -- Installing: /home/ros/arduinobot/install/arduinobot_cpp_examples/share/arduinobot_cpp_examples/package.xml
[0.807s] Invoked command in '/home/ros/arduinobot/build/arduinobot_cpp_examples' returned '0': CMAKE_PREFIX_PATH=/opt/ros/iron /usr/bin/cmake --install /home/ros/arduinobot/build/arduinobot_cpp_examples
