[0.021s] Invoking command in '/home/ros/arduinobot/build/arduinobot_controller': CMAKE_PREFIX_PATH=${CMAKE_PREFIX_PATH}:/home/ros/arduinobot/install/arduinobot_py_examples:/opt/ros/iron /usr/bin/cmake --build /home/ros/arduinobot/build/arduinobot_controller -- -j8 -l8
[0.041s] -- Found ament_cmake: 2.0.5 (/opt/ros/iron/share/ament_cmake/cmake)
[0.158s] -- Found ament_lint_auto: 0.14.3 (/opt/ros/iron/share/ament_lint_auto/cmake)
[0.203s] -- Added test 'lint_cmake' to check CMake code style
[0.204s] -- Added test 'xmllint' to check XML markup files
[0.204s] -- Configuring done
[0.206s] -- Generating done
[0.207s] -- Build files have been written to: /home/ros/arduinobot/build/arduinobot_controller
[0.225s] Invoked command in '/home/ros/arduinobot/build/arduinobot_controller' returned '0': CMAKE_PREFIX_PATH=${CMAKE_PREFIX_PATH}:/home/ros/arduinobot/install/arduinobot_py_examples:/opt/ros/iron /usr/bin/cmake --build /home/ros/arduinobot/build/arduinobot_controller -- -j8 -l8
[0.253s] Invoking command in '/home/ros/arduinobot/build/arduinobot_controller': CMAKE_PREFIX_PATH=${CMAKE_PREFIX_PATH}:/home/ros/arduinobot/install/arduinobot_py_examples:/opt/ros/iron /usr/bin/cmake --install /home/ros/arduinobot/build/arduinobot_controller
[0.263s] -- Install configuration: ""
[0.264s] -- Installing: /home/ros/arduinobot/install/arduinobot_controller/share/arduinobot_controller/config
[0.265s] -- Installing: /home/ros/arduinobot/install/arduinobot_controller/share/arduinobot_controller/config/arduinobot_controllers.yaml
[0.265s] -- Up-to-date: /home/ros/arduinobot/install/arduinobot_controller/share/ament_index/resource_index/package_run_dependencies/arduinobot_controller
[0.265s] -- Up-to-date: /home/ros/arduinobot/install/arduinobot_controller/share/ament_index/resource_index/parent_prefix_path/arduinobot_controller
[0.265s] -- Up-to-date: /home/ros/arduinobot/install/arduinobot_controller/share/arduinobot_controller/environment/ament_prefix_path.sh
[0.265s] -- Up-to-date: /home/ros/arduinobot/install/arduinobot_controller/share/arduinobot_controller/environment/ament_prefix_path.dsv
[0.265s] -- Up-to-date: /home/ros/arduinobot/install/arduinobot_controller/share/arduinobot_controller/environment/path.sh
[0.265s] -- Up-to-date: /home/ros/arduinobot/install/arduinobot_controller/share/arduinobot_controller/environment/path.dsv
[0.265s] -- Up-to-date: /home/ros/arduinobot/install/arduinobot_controller/share/arduinobot_controller/local_setup.bash
[0.265s] -- Up-to-date: /home/ros/arduinobot/install/arduinobot_controller/share/arduinobot_controller/local_setup.sh
[0.265s] -- Up-to-date: /home/ros/arduinobot/install/arduinobot_controller/share/arduinobot_controller/local_setup.zsh
[0.265s] -- Up-to-date: /home/ros/arduinobot/install/arduinobot_controller/share/arduinobot_controller/local_setup.dsv
[0.266s] -- Up-to-date: /home/ros/arduinobot/install/arduinobot_controller/share/arduinobot_controller/package.dsv
[0.266s] -- Up-to-date: /home/ros/arduinobot/install/arduinobot_controller/share/ament_index/resource_index/packages/arduinobot_controller
[0.266s] -- Up-to-date: /home/ros/arduinobot/install/arduinobot_controller/share/arduinobot_controller/cmake/arduinobot_controllerConfig.cmake
[0.266s] -- Up-to-date: /home/ros/arduinobot/install/arduinobot_controller/share/arduinobot_controller/cmake/arduinobot_controllerConfig-version.cmake
[0.266s] -- Up-to-date: /home/ros/arduinobot/install/arduinobot_controller/share/arduinobot_controller/package.xml
[0.269s] Invoked command in '/home/ros/arduinobot/build/arduinobot_controller' returned '0': CMAKE_PREFIX_PATH=${CMAKE_PREFIX_PATH}:/home/ros/arduinobot/install/arduinobot_py_examples:/opt/ros/iron /usr/bin/cmake --install /home/ros/arduinobot/build/arduinobot_controller
